CS240: lab5. cs240 Mon Mar 9 23:13:39 EDT 2015  Total:  -20 of 75

CS240: lab5. cs240 Mon Mar 9 23:15:07 EDT 2015  Total:  -20 of 75

CS240: lab5. cs240 Mon Mar 9 23:15:21 EDT 2015  Total:  55 of 75

CS240: lab5. cs240 Mon Mar 9 23:16:12 EDT 2015  Total:  55 of 75

CS240: lab5. cs240 Mon Mar 9 23:17:37 EDT 2015  Total:  75 of 75

CS240: lab5. cs240 Tue Mar 10 00:05:07 EDT 2015  Total:  100 of 100

CS240: lab5. cs240 Tue Mar 10 00:14:16 EDT 2015  Total:  0 of 100

CS240: lab5. cs240 Tue Mar 10 00:15:06 EDT 2015  Total:  0 of 100

CS240: lab5. cs240 Tue Mar 10 00:17:18 EDT 2015  Total:  0 of 100

CS240: lab5. krustagi Tue Mar 17 21:53:28 EDT 2015  Total:  20 of 100

CS240: lab5. krustagi Tue Mar 17 21:55:48 EDT 2015  Total:  20 of 100

CS240: lab5. krustagi Tue Mar 24 23:42:33 EDT 2015  Total:  20 of 100

CS240: lab5. krustagi Tue Mar 24 23:50:06 EDT 2015  Total:  20 of 100

CS240: lab5. krustagi Tue Mar 24 23:51:44 EDT 2015  Total:  20 of 100

CS240: lab5. krustagi Tue Mar 24 23:53:36 EDT 2015  Total:  20 of 100

CS240: lab5. krustagi Tue Mar 24 23:58:56 EDT 2015  Total:  20 of 100

CS240: lab5. krustagi Wed Mar 25 00:00:13 EDT 2015  Total:  20 of 100

CS240: lab5. krustagi Wed Mar 25 00:01:15 EDT 2015  Total:  20 of 100

CS240: lab5. krustagi Wed Mar 25 00:11:52 EDT 2015  Total:  25 of 100

CS240: lab5. krustagi Wed Mar 25 01:41:16 EDT 2015  Total:  25 of 140

CS240: lab5. krustagi Wed Mar 25 10:17:18 EDT 2015  Total:  25 of 140

CS240: lab5. krustagi Wed Mar 25 10:18:39 EDT 2015  Total:  25 of 140

CS240: lab5. krustagi Wed Mar 25 10:18:45 EDT 2015  Total:  25 of 140

CS240: lab5. krustagi Wed Mar 25 10:19:22 EDT 2015  Total:  25 of 140

CS240: lab5. krustagi Wed Mar 25 10:19:32 EDT 2015  Total:  25 of 140

CS240: lab5. krustagi Wed Mar 25 10:20:54 EDT 2015  Total:  40 of 140

CS240: lab5. krustagi Wed Mar 25 10:27:47 EDT 2015  Total:  25 of 140

CS240: lab5. krustagi Wed Mar 25 10:27:56 EDT 2015  Total:  25 of 140

CS240: lab5. krustagi Wed Mar 25 10:29:32 EDT 2015  Total:  25 of 140

CS240: lab5. krustagi Wed Mar 25 10:29:43 EDT 2015  Total:  25 of 140

CS240: lab5. krustagi Wed Mar 25 10:32:34 EDT 2015  Total:  25 of 140

CS240: lab5. krustagi Wed Mar 25 10:34:13 EDT 2015  Total:  25 of 140

CS240: lab5. krustagi Wed Mar 25 10:35:21 EDT 2015  Total:  25 of 140

CS240: lab5. krustagi Wed Mar 25 10:35:41 EDT 2015  Total:  40 of 140

CS240: lab5. krustagi Wed Mar 25 10:40:00 EDT 2015  Total:  40 of 140

CS240: lab5. krustagi Wed Mar 25 10:58:05 EDT 2015  Total:  50 of 140

CS240: lab5. krustagi Fri Mar 27 01:07:53 EDT 2015  Total:  50 of 140

CS240: lab5. krustagi Fri Mar 27 01:29:56 EDT 2015  Total:  50 of 140

CS240: lab5. krustagi Fri Mar 27 01:37:11 EDT 2015  Total:  50 of 140

CS240: lab5. krustagi Sat Mar 28 14:39:51 EDT 2015  Total:  40 of 140

CS240: lab5. krustagi Sat Mar 28 21:01:21 EDT 2015  Total:  40 of 140

CS240: lab5. krustagi Sat Mar 28 21:02:49 EDT 2015  Total:  45 of 140

CS240: lab5. krustagi Sat Mar 28 21:03:39 EDT 2015  Total:  50 of 140

CS240: lab5. krustagi Sat Mar 28 21:12:41 EDT 2015  Total:  50 of 140

CS240: lab5. krustagi Sat Mar 28 21:13:03 EDT 2015  Total:  50 of 140

CS240: lab5. krustagi Sat Mar 28 21:14:44 EDT 2015  Total:  50 of 140

CS240: lab5. krustagi Sat Mar 28 21:17:15 EDT 2015  Total:  50 of 140

CS240: lab5. krustagi Sat Mar 28 21:17:35 EDT 2015  Total:  50 of 140

CS240: lab5. krustagi Sat Mar 28 21:21:10 EDT 2015  Total:  50 of 140

CS240: lab5. krustagi Sat Mar 28 21:22:34 EDT 2015  Total:  50 of 140

CS240: lab5. krustagi Sat Mar 28 21:32:41 EDT 2015  Total:  60 of 140

CS240: lab5. krustagi Sat Mar 28 21:32:52 EDT 2015  Total:  60 of 140

CS240: lab5. krustagi Sat Mar 28 21:35:44 EDT 2015  Total:  60 of 140

CS240: lab5. krustagi Sat Mar 28 21:40:36 EDT 2015  Total:  60 of 140

CS240: lab5. krustagi Sat Mar 28 21:40:43 EDT 2015  Total:  60 of 140

CS240: lab5. krustagi Sat Mar 28 22:24:04 EDT 2015  Total:  60 of 140

CS240: lab5. krustagi Sat Mar 28 23:29:31 EDT 2015  Total:  60 of 140

CS240: lab5. krustagi Sun Mar 29 02:00:28 EDT 2015  Total:  60 of 140

CS240: lab5. krustagi Sun Mar 29 02:32:13 EDT 2015  Total:  65 of 140

CS240: lab5. krustagi Sun Mar 29 02:34:56 EDT 2015  Total:  65 of 140

CS240: lab5. krustagi Sun Mar 29 02:47:18 EDT 2015  Total:  65 of 140

CS240: lab5. krustagi Sun Mar 29 02:47:20 EDT 2015  Total:  65 of 140

CS240: lab5. krustagi Sun Mar 29 03:47:33 EDT 2015  Total:  65 of 140

CS240: lab5. krustagi Sun Mar 29 03:47:51 EDT 2015  Total:  75 of 140

CS240: lab5. krustagi Sun Mar 29 04:00:11 EDT 2015  Total:  75 of 140

CS240: lab5. krustagi Sun Mar 29 04:02:19 EDT 2015  Total:  75 of 140

CS240: lab5. krustagi Sun Mar 29 07:37:46 EDT 2015  Total:  75 of 140

CS240: lab5. krustagi Sun Mar 29 08:07:54 EDT 2015  Total:  75 of 140

CS240: lab5. krustagi Sun Mar 29 08:10:10 EDT 2015  Total:  100 of 140

CS240: lab5. krustagi Sun Mar 29 13:53:27 EDT 2015  Total:  100 of 140

CS240: lab5. krustagi Sun Mar 29 14:07:07 EDT 2015  Total:  100 of 140

CS240: lab5. krustagi Sun Mar 29 14:28:57 EDT 2015  Total:  90 of 140

CS240: lab5. krustagi Sun Mar 29 14:32:29 EDT 2015  Total:  90 of 140

CS240: lab5. krustagi Sun Mar 29 14:35:15 EDT 2015  Total:  100 of 140

CS240: lab5. krustagi Sun Mar 29 14:35:41 EDT 2015  Total:  100 of 140

CS240: lab5. krustagi Sun Mar 29 14:36:32 EDT 2015  Total:  100 of 140

CS240: lab5. krustagi Mon Mar 30 01:40:51 EDT 2015  Total:  100 of 140

CS240: lab5. krustagi Mon Mar 30 01:41:37 EDT 2015  Total:  100 of 140

CS240: lab5. krustagi Mon Mar 30 02:01:47 EDT 2015  Total:  100 of 140

CS240: lab5. krustagi Mon Mar 30 02:14:16 EDT 2015  Total:  100 of 140

CS240: lab5. krustagi Mon Mar 30 02:24:34 EDT 2015  Total:  100 of 140

CS240: lab5. krustagi Mon Mar 30 02:26:55 EDT 2015  Total:  100 of 140

CS240: lab5. krustagi Mon Mar 30 02:27:34 EDT 2015  Total:  100 of 140

CS240: lab5. krustagi Mon Mar 30 02:28:11 EDT 2015  Total:  108 of 140

CS240: lab5. krustagi Mon Mar 30 02:43:05 EDT 2015  Total:  112 of 140

CS240: lab5. krustagi Mon Mar 30 02:57:38 EDT 2015  Total:  112 of 140

CS240: lab5. krustagi Mon Mar 30 03:03:24 EDT 2015  Total:  112 of 140

CS240: lab5. krustagi Mon Mar 30 03:09:23 EDT 2015  Total:  112 of 140

CS240: lab5. krustagi Mon Mar 30 03:10:05 EDT 2015  Total:  112 of 140

CS240: lab5. krustagi Mon Mar 30 03:10:22 EDT 2015  Total:  112 of 140

CS240: lab5. krustagi Mon Mar 30 03:11:42 EDT 2015  Total:  112 of 140

CS240: lab5. krustagi Mon Mar 30 03:12:24 EDT 2015  Total:  112 of 140

CS240: lab5. krustagi Mon Mar 30 03:12:44 EDT 2015  Total:  112 of 140

CS240: lab5. krustagi Mon Mar 30 03:12:54 EDT 2015  Total:  116 of 140

CS240: lab5. krustagi Mon Mar 30 03:34:09 EDT 2015  Total:  116 of 140

CS240: lab5. krustagi Mon Mar 30 03:35:21 EDT 2015  Total:  116 of 140

CS240: lab5. krustagi Mon Mar 30 03:37:01 EDT 2015  Total:  116 of 140

CS240: lab5. krustagi Mon Mar 30 03:48:13 EDT 2015  Total:  116 of 140

CS240: lab5. krustagi Mon Mar 30 03:48:47 EDT 2015  Total:  116 of 140

CS240: lab5. krustagi Mon Mar 30 03:49:17 EDT 2015  Total:  116 of 140

CS240: lab5. krustagi Mon Mar 30 03:49:26 EDT 2015  Total:  120 of 140

CS240: lab5. krustagi Mon Mar 30 04:07:03 EDT 2015  Total:  120 of 140

CS240: lab5. krustagi Mon Mar 30 04:09:35 EDT 2015  Total:  120 of 140

CS240: lab5. krustagi Mon Mar 30 04:12:56 EDT 2015  Total:  120 of 140

CS240: lab5. krustagi Mon Mar 30 04:17:51 EDT 2015  Total:  136 of 140

CS240: lab5. krustagi Mon Mar 30 04:43:10 EDT 2015  Total:  136 of 140

CS240: lab5. krustagi Mon Mar 30 04:48:33 EDT 2015  Total:  136 of 140

CS240: lab5. krustagi Mon Mar 30 04:53:19 EDT 2015  Total:  140 of 140

CS240: lab5. krustagi Wed Apr 1 22:12:39 EDT 2015  Total:  140 of 140

