CS240: lab6. cs240 Tue Mar 31 00:09:52 EDT 2015  Total:  0 of 12

CS240: lab6. cs240 Tue Mar 31 00:10:08 EDT 2015  Total:  12 of 12

CS240: lab6. cs240 Tue Mar 31 00:11:07 EDT 2015  Total:  0 of 12

CS240: lab6. cs240 Tue Mar 31 00:11:39 EDT 2015  Total:  0 of 12

CS240: lab6. cs240 Tue Mar 31 00:13:58 EDT 2015  Total:  0 of 12

CS240: lab6. krustagi Sat Apr 18 04:04:41 EDT 2015  Total:  12 of 62

CS240: lab6. krustagi Sat Apr 18 05:02:04 EDT 2015  Total:  12 of 62

CS240: lab6. krustagi Sat Apr 18 15:21:00 EDT 2015  Total:  12 of 62

CS240: lab6. krustagi Sat Apr 18 15:26:12 EDT 2015  Total:  12 of 62

CS240: lab6. krustagi Sat Apr 18 15:28:15 EDT 2015  Total:  17 of 62

CS240: lab6. krustagi Sat Apr 18 18:08:25 EDT 2015  Total:  17 of 62

CS240: lab6. krustagi Sat Apr 18 20:49:19 EDT 2015  Total:  17 of 62

CS240: lab6. krustagi Sat Apr 18 21:03:45 EDT 2015  Total:  17 of 62

CS240: lab6. krustagi Sat Apr 18 21:10:07 EDT 2015  Total:  27 of 62

CS240: lab6. krustagi Sun Apr 19 15:37:20 EDT 2015  Total:  32 of 62

CS240: lab6. krustagi Sun Apr 19 15:39:44 EDT 2015  Total:  32 of 62

CS240: lab6. krustagi Sun Apr 19 16:44:00 EDT 2015  Total:  32 of 62

CS240: lab6. krustagi Sun Apr 19 21:12:19 EDT 2015  Total:  32 of 62

CS240: lab6. krustagi Mon Apr 20 00:29:36 EDT 2015  Total:  32 of 62

CS240: lab6. krustagi Mon Apr 20 00:31:13 EDT 2015  Total:  42 of 62

CS240: lab6. krustagi Mon Apr 20 00:36:13 EDT 2015  Total:  42 of 62

CS240: lab6. krustagi Mon Apr 20 00:44:04 EDT 2015  Total:  42 of 62

CS240: lab6. krustagi Mon Apr 20 00:46:58 EDT 2015  Total:  32 of 62

CS240: lab6. krustagi Mon Apr 20 01:10:19 EDT 2015  Total:  12 of 62

CS240: lab6. krustagi Mon Apr 20 01:11:41 EDT 2015  Total:  37 of 62

CS240: lab6. krustagi Mon Apr 20 01:12:58 EDT 2015  Total:  37 of 62

CS240: lab6. krustagi Mon Apr 20 01:14:30 EDT 2015  Total:  47 of 62

CS240: lab6. krustagi Mon Apr 20 01:18:56 EDT 2015  Total:  47 of 62

CS240: lab6. krustagi Mon Apr 20 01:20:53 EDT 2015  Total:  47 of 62

CS240: lab6. krustagi Mon Apr 20 01:25:54 EDT 2015  Total:  42 of 62

CS240: lab6. krustagi Mon Apr 20 01:28:00 EDT 2015  Total:  52 of 62

CS240: lab6. krustagi Mon Apr 20 01:30:41 EDT 2015  Total:  57 of 62

CS240: lab6. krustagi Mon Apr 20 02:39:20 EDT 2015  Total:  62 of 62

CS240: lab6. krustagi Mon Apr 27 03:17:51 EDT 2015  Total:  62 of 62

CS240: lab6. krustagi Wed Apr 29 10:23:04 EDT 2015  Total:  62 of 62

