

-------------------------------------------------
CS240: lab3b . cs240   
Mon Feb  9 11:04:09 EST 2015
-------------------------------------------------
./convert                           : 0   of 3  
./convert 10                        : 0   of 3  
./convert 10 10                     : 0   of 3  
./convert 10 10                     : 0   of 3  
./convert 10 10 10                  : 0   of 3  
./convert 16 10 FF                  : 0   of 3  
./convert 16 10 100                 : 0   of 3  
./convert 10 8 20                   : 0   of 3  
./convert 10 2 127                  : 0   of 3  
./convert 10 16 8191                : 0   of 3  
./convert 10 25 100077900           : 0   of 3  
./convert 2 16 100010001111         : 0   of 3  
./convert 5 10 1234                 : 0   of 3  
./convert 5 10 123456               : 0   of 3  
-------------------------------------------------
CS240: lab3b. cs240 Mon Feb 9 11:04:09 EST 2015  Total:  0 of 42



-------------------------------------------------
CS240: lab3b . cs240   
Mon Feb  9 11:19:55 EST 2015
-------------------------------------------------
./convert                           : 0   of 1  
./convert 10                        : 0   of 1  
./convert 10 10                     : 0   of 1  
./convert 10 10                     : 0   of 1  
./convert 10 10 10                  : 0   of 1  
./convert 16 10 FF                  : 0   of 1  
./convert 16 10 100                 : 0   of 1  
./convert 10 8 20                   : 0   of 1  
./convert 10 2 127                  : 0   of 1  
./convert 10 16 8191                : 0   of 1  
./convert 10 25 100077900           : 0   of 1  
./convert 2 16 100010001111         : 0   of 1  
./convert 5 10 1234                 : 0   of 1  
./convert 5 10 123456               : 0   of 1  
-------------------------------------------------
CS240: lab3b. cs240 Mon Feb 9 11:19:55 EST 2015  Total:  0 of 14



-------------------------------------------------
CS240: lab3b . cs240   
Mon Feb  9 11:24:28 EST 2015
-------------------------------------------------
./convert                           : 0   of 1  
./convert 10                        : 0   of 1  
./convert 10 10                     : 0   of 1  
./convert 10 10                     : 0   of 1  
./convert 10 10 10                  : 0   of 1  
./convert 16 10 FF                  : 0   of 1  
./convert 16 10 100                 : 0   of 1  
./convert 10 8 20                   : 0   of 1  
./convert 10 2 127                  : 0   of 1  
./convert 10 16 8191                : 0   of 1  
./convert 10 25 100077900           : 0   of 1  
./convert 2 16 100010001111         : 0   of 1  
./convert 5 10 1234                 : 0   of 1  
./convert 5 10 123456               : 0   of 1  
-------------------------------------------------
CS240: lab3b. cs240 Mon Feb 9 11:24:28 EST 2015  Total:  0 of 14



-------------------------------------------------
CS240: lab3b . krustagi   
Fri Feb 13 23:54:13 EST 2015
-------------------------------------------------
./convert                           : 0   of 1  
./convert 10                        : 0   of 1  
./convert 10 10                     : 0   of 1  
./convert 10 10                     : 0   of 1  
./convert 10 10 10                  : 0   of 1  
./convert 16 10 FF                  : 0   of 1  
./convert 16 10 100                 : 0   of 1  
./convert 10 8 20                   : 0   of 1  
./convert 10 2 127                  : 0   of 1  
./convert 10 16 8191                : 0   of 1  
./convert 10 25 100077900           : 0   of 1  
./convert 2 16 100010001111         : 0   of 1  
./convert 5 10 1234                 : 0   of 1  
./convert 5 10 123456               : 0   of 1  
-------------------------------------------------
CS240: lab3b. krustagi Fri Feb 13 23:54:13 EST 2015  Total:  0 of 14



-------------------------------------------------
CS240: lab3b . krustagi   
Sun Feb 15 16:17:58 EST 2015
-------------------------------------------------
./convert                           : 0   of 1  
./convert 10                        : 0   of 1  
./convert 10 10                     : 0   of 1  
./convert 10 10                     : 0   of 1  
./convert 10 10 10                  : 0   of 1  
./convert 16 10 FF                  : 0   of 1  
./convert 16 10 100                 : 0   of 1  
./convert 10 8 20                   : 0   of 1  
./convert 10 2 127                  : 0   of 1  
./convert 10 16 8191                : 0   of 1  
./convert 10 25 100077900           : 0   of 1  
./convert 2 16 100010001111         : 0   of 1  
./convert 5 10 1234                 : 0   of 1  
./convert 5 10 123456               : 0   of 1  
-------------------------------------------------
CS240: lab3b. krustagi Sun Feb 15 16:17:58 EST 2015  Total:  0 of 14



-------------------------------------------------
CS240: lab3b . krustagi   
Sun Feb 15 16:31:08 EST 2015
-------------------------------------------------
./convert                           : 0   of 1  
./convert 10                        : 0   of 1  
./convert 10 10                     : 0   of 1  
./convert 10 10                     : 0   of 1  
./convert 10 10 10                  : 0   of 1  
./convert 16 10 FF                  : 0   of 1  
./convert 16 10 100                 : 0   of 1  
./convert 10 8 20                   : 0   of 1  
./convert 10 2 127                  : 0   of 1  
./convert 10 16 8191                : 0   of 1  
./convert 10 25 100077900           : 0   of 1  
./convert 2 16 100010001111         : 0   of 1  
./convert 5 10 1234                 : 0   of 1  
./convert 5 10 123456               : 0   of 1  
-------------------------------------------------
CS240: lab3b. krustagi Sun Feb 15 16:31:08 EST 2015  Total:  0 of 14



-------------------------------------------------
CS240: lab3b . krustagi   
Sun Feb 15 16:31:47 EST 2015
-------------------------------------------------
./convert                           : 0   of 1  
./convert 10                        : 0   of 1  
./convert 10 10                     : 0   of 1  
./convert 10 10                     : 0   of 1  
./convert 10 10 10                  : 0   of 1  
./convert 16 10 FF                  : 0   of 1  
./convert 16 10 100                 : 0   of 1  
./convert 10 8 20                   : 0   of 1  
./convert 10 2 127                  : 0   of 1  
./convert 10 16 8191                : 0   of 1  
./convert 10 25 100077900           : 0   of 1  
./convert 2 16 100010001111         : 0   of 1  
./convert 5 10 1234                 : 0   of 1  
./convert 5 10 123456               : 0   of 1  
-------------------------------------------------
CS240: lab3b. krustagi Sun Feb 15 16:31:47 EST 2015  Total:  0 of 14



-------------------------------------------------
CS240: lab3b . krustagi   
Sun Feb 15 16:46:07 EST 2015
-------------------------------------------------
./convert                           : 0   of 1  
./convert 10                        : 0   of 1  
./convert 10 10                     : 1   of 1  
./convert 10 10                     : 1   of 1  
./convert 10 10 10                  : 0   of 1  
./convert 16 10 FF                  : 0   of 1  
./convert 16 10 100                 : 0   of 1  
./convert 10 8 20                   : 0   of 1  
./convert 10 2 127                  : 0   of 1  
./convert 10 16 8191                : 0   of 1  
./convert 10 25 100077900           : 0   of 1  
./convert 2 16 100010001111         : 0   of 1  
./convert 5 10 1234                 : 0   of 1  
./convert 5 10 123456               : 0   of 1  
-------------------------------------------------
CS240: lab3b. krustagi Sun Feb 15 16:46:07 EST 2015  Total:  2 of 14



-------------------------------------------------
CS240: lab3b . krustagi   
Sun Feb 15 16:51:09 EST 2015
-------------------------------------------------
./convert                           : 1   of 1  
./convert 10                        : 1   of 1  
./convert 10 10                     : 1   of 1  
./convert 10 10                     : 1   of 1  
./convert 10 10 10                  : 0   of 1  
./convert 16 10 FF                  : 0   of 1  
./convert 16 10 100                 : 0   of 1  
./convert 10 8 20                   : 0   of 1  
./convert 10 2 127                  : 0   of 1  
./convert 10 16 8191                : 0   of 1  
./convert 10 25 100077900           : 0   of 1  
./convert 2 16 100010001111         : 0   of 1  
./convert 5 10 1234                 : 0   of 1  
./convert 5 10 123456               : 0   of 1  
-------------------------------------------------
CS240: lab3b. krustagi Sun Feb 15 16:51:09 EST 2015  Total:  4 of 14



-------------------------------------------------
CS240: lab3b . krustagi   
Sun Feb 15 17:50:29 EST 2015
-------------------------------------------------
./convert                           : 1   of 1  
./convert 10                        : 1   of 1  
./convert 10 10                     : 1   of 1  
./convert 10 10                     : 1   of 1  
./convert 10 10 10                  : 0   of 1  
./convert 16 10 FF                  : 0   of 1  
./convert 16 10 100                 : 0   of 1  
./convert 10 8 20                   : 0   of 1  
./convert 10 2 127                  : 0   of 1  
./convert 10 16 8191                : 0   of 1  
./convert 10 25 100077900           : 0   of 1  
./convert 2 16 100010001111         : 0   of 1  
./convert 5 10 1234                 : 0   of 1  
./convert 5 10 123456               : 0   of 1  
-------------------------------------------------
CS240: lab3b. krustagi Sun Feb 15 17:50:29 EST 2015  Total:  4 of 14



-------------------------------------------------
CS240: lab3b . krustagi   
Sun Feb 15 17:51:59 EST 2015
-------------------------------------------------
./convert                           : 1   of 1  
./convert 10                        : 1   of 1  
./convert 10 10                     : 1   of 1  
./convert 10 10                     : 1   of 1  
./convert 10 10 10                  : 0   of 1  
./convert 16 10 FF                  : 0   of 1  
./convert 16 10 100                 : 0   of 1  
./convert 10 8 20                   : 0   of 1  
./convert 10 2 127                  : 0   of 1  
./convert 10 16 8191                : 0   of 1  
./convert 10 25 100077900           : 0   of 1  
./convert 2 16 100010001111         : 0   of 1  
./convert 5 10 1234                 : 0   of 1  
./convert 5 10 123456               : 0   of 1  
-------------------------------------------------
CS240: lab3b. krustagi Sun Feb 15 17:51:59 EST 2015  Total:  4 of 14



-------------------------------------------------
CS240: lab3b . krustagi   
Sun Feb 15 17:56:12 EST 2015
-------------------------------------------------
./convert                           : 1   of 1  
./convert 10                        : 1   of 1  
./convert 10 10                     : 1   of 1  
./convert 10 10                     : 1   of 1  
./convert 10 10 10                  : 0   of 1  
./convert 16 10 FF                  : 0   of 1  
./convert 16 10 100                 : 0   of 1  
./convert 10 8 20                   : 0   of 1  
./convert 10 2 127                  : 0   of 1  
./convert 10 16 8191                : 0   of 1  
./convert 10 25 100077900           : 0   of 1  
./convert 2 16 100010001111         : 0   of 1  
./convert 5 10 1234                 : 0   of 1  
./convert 5 10 123456               : 0   of 1  
-------------------------------------------------
CS240: lab3b. krustagi Sun Feb 15 17:56:12 EST 2015  Total:  4 of 14



-------------------------------------------------
CS240: lab3b . krustagi   
Sun Feb 15 17:56:47 EST 2015
-------------------------------------------------
./convert                           : 1   of 1  
./convert 10                        : 1   of 1  
./convert 10 10                     : 1   of 1  
./convert 10 10                     : 1   of 1  
./convert 10 10 10                  : 0   of 1  
./convert 16 10 FF                  : 0   of 1  
./convert 16 10 100                 : 0   of 1  
./convert 10 8 20                   : 0   of 1  
./convert 10 2 127                  : 0   of 1  
./convert 10 16 8191                : 0   of 1  
./convert 10 25 100077900           : 0   of 1  
./convert 2 16 100010001111         : 0   of 1  
./convert 5 10 1234                 : 0   of 1  
./convert 5 10 123456               : 0   of 1  
-------------------------------------------------
CS240: lab3b. krustagi Sun Feb 15 17:56:47 EST 2015  Total:  4 of 14



-------------------------------------------------
CS240: lab3b . krustagi   
Sun Feb 15 17:58:08 EST 2015
-------------------------------------------------
./convert                           : 1   of 1  
./convert 10                        : 1   of 1  
./convert 10 10                     : 1   of 1  
./convert 10 10                     : 1   of 1  
./convert 10 10 10                  : 0   of 1  
./convert 16 10 FF                  : 0   of 1  
./convert 16 10 100                 : 0   of 1  
./convert 10 8 20                   : 0   of 1  
./convert 10 2 127                  : 0   of 1  
./convert 10 16 8191                : 0   of 1  
./convert 10 25 100077900           : 0   of 1  
./convert 2 16 100010001111         : 0   of 1  
./convert 5 10 1234                 : 0   of 1  
./convert 5 10 123456               : 0   of 1  
-------------------------------------------------
CS240: lab3b. krustagi Sun Feb 15 17:58:08 EST 2015  Total:  4 of 14



-------------------------------------------------
CS240: lab3b . krustagi   
Sun Feb 15 18:01:34 EST 2015
-------------------------------------------------
./convert                           : 1   of 1  
./convert 10                        : 1   of 1  
./convert 10 10                     : 1   of 1  
./convert 10 10                     : 1   of 1  
./convert 10 10 10                  : 0   of 1  
./convert 16 10 FF                  : 0   of 1  
./convert 16 10 100                 : 0   of 1  
./convert 10 8 20                   : 0   of 1  
./convert 10 2 127                  : 0   of 1  
./convert 10 16 8191                : 0   of 1  
./convert 10 25 100077900           : 0   of 1  
./convert 2 16 100010001111         : 0   of 1  
./convert 5 10 1234                 : 0   of 1  
./convert 5 10 123456               : 0   of 1  
-------------------------------------------------
CS240: lab3b. krustagi Sun Feb 15 18:01:34 EST 2015  Total:  4 of 14



-------------------------------------------------
CS240: lab3b . krustagi   
Sun Feb 15 18:38:59 EST 2015
-------------------------------------------------
./convert                           : 1   of 1  
./convert 10                        : 1   of 1  
./convert 10 10                     : 1   of 1  
./convert 10 10                     : 1   of 1  
./convert 10 10 10                  : 0   of 1  
./convert 16 10 FF                  : 0   of 1  
./convert 16 10 100                 : 0   of 1  
./convert 10 8 20                   : 0   of 1  
./convert 10 2 127                  : 0   of 1  
./convert 10 16 8191                : 0   of 1  
./convert 10 25 100077900           : 0   of 1  
./convert 2 16 100010001111         : 0   of 1  
./convert 5 10 1234                 : 0   of 1  
./convert 5 10 123456               : 0   of 1  
-------------------------------------------------
CS240: lab3b. krustagi Sun Feb 15 18:38:59 EST 2015  Total:  4 of 14



-------------------------------------------------
CS240: lab3b . krustagi   
Sun Feb 15 18:45:57 EST 2015
-------------------------------------------------
./convert                           : 1   of 1  
./convert 10                        : 1   of 1  
./convert 10 10                     : 1   of 1  
./convert 10 10                     : 1   of 1  
./convert 10 10 10                  : 0   of 1  
./convert 16 10 FF                  : 0   of 1  
./convert 16 10 100                 : 0   of 1  
./convert 10 8 20                   : 0   of 1  
./convert 10 2 127                  : 0   of 1  
./convert 10 16 8191                : 0   of 1  
./convert 10 25 100077900           : 0   of 1  
./convert 2 16 100010001111         : 0   of 1  
./convert 5 10 1234                 : 0   of 1  
./convert 5 10 123456               : 0   of 1  
-------------------------------------------------
CS240: lab3b. krustagi Sun Feb 15 18:45:57 EST 2015  Total:  4 of 14



-------------------------------------------------
CS240: lab3b . krustagi   
Sun Feb 15 18:47:40 EST 2015
-------------------------------------------------
./convert                           : 1   of 1  
./convert 10                        : 1   of 1  
./convert 10 10                     : 1   of 1  
./convert 10 10                     : 1   of 1  
./convert 10 10 10                  : 0   of 1  
./convert 16 10 FF                  : 0   of 1  
./convert 16 10 100                 : 0   of 1  
./convert 10 8 20                   : 0   of 1  
./convert 10 2 127                  : 0   of 1  
./convert 10 16 8191                : 0   of 1  
./convert 10 25 100077900           : 0   of 1  
./convert 2 16 100010001111         : 0   of 1  
./convert 5 10 1234                 : 0   of 1  
./convert 5 10 123456               : 0   of 1  
-------------------------------------------------
CS240: lab3b. krustagi Sun Feb 15 18:47:40 EST 2015  Total:  4 of 14



-------------------------------------------------
CS240: lab3b . krustagi   
Sun Feb 15 18:48:07 EST 2015
-------------------------------------------------
./convert                           : 1   of 1  
./convert 10                        : 1   of 1  
./convert 10 10                     : 1   of 1  
./convert 10 10                     : 1   of 1  
./convert 10 10 10                  : 0   of 1  
./convert 16 10 FF                  : 0   of 1  
./convert 16 10 100                 : 0   of 1  
./convert 10 8 20                   : 0   of 1  
./convert 10 2 127                  : 0   of 1  
./convert 10 16 8191                : 0   of 1  
./convert 10 25 100077900           : 0   of 1  
./convert 2 16 100010001111         : 0   of 1  
./convert 5 10 1234                 : 0   of 1  
./convert 5 10 123456               : 0   of 1  
-------------------------------------------------
CS240: lab3b. krustagi Sun Feb 15 18:48:07 EST 2015  Total:  4 of 14



-------------------------------------------------
CS240: lab3b . krustagi   
Sun Feb 15 18:50:30 EST 2015
-------------------------------------------------
./convert                           : 1   of 1  
./convert 10                        : 1   of 1  
./convert 10 10                     : 1   of 1  
./convert 10 10                     : 1   of 1  
./convert 10 10 10                  : 0   of 1  
./convert 16 10 FF                  : 0   of 1  
./convert 16 10 100                 : 0   of 1  
./convert 10 8 20                   : 0   of 1  
./convert 10 2 127                  : 0   of 1  
./convert 10 16 8191                : 0   of 1  
./convert 10 25 100077900           : 0   of 1  
./convert 2 16 100010001111         : 0   of 1  
./convert 5 10 1234                 : 0   of 1  
./convert 5 10 123456               : 0   of 1  
-------------------------------------------------
CS240: lab3b. krustagi Sun Feb 15 18:50:30 EST 2015  Total:  4 of 14



-------------------------------------------------
CS240: lab3b . krustagi   
Sun Feb 15 18:51:44 EST 2015
-------------------------------------------------
./convert                           : 1   of 1  
./convert 10                        : 1   of 1  
./convert 10 10                     : 1   of 1  
./convert 10 10                     : 1   of 1  
./convert 10 10 10                  : 0   of 1  
./convert 16 10 FF                  : 0   of 1  
./convert 16 10 100                 : 0   of 1  
./convert 10 8 20                   : 0   of 1  
./convert 10 2 127                  : 0   of 1  
./convert 10 16 8191                : 0   of 1  
./convert 10 25 100077900           : 0   of 1  
./convert 2 16 100010001111         : 0   of 1  
./convert 5 10 1234                 : 0   of 1  
./convert 5 10 123456               : 0   of 1  
-------------------------------------------------
CS240: lab3b. krustagi Sun Feb 15 18:51:44 EST 2015  Total:  4 of 14



-------------------------------------------------
CS240: lab3b . krustagi   
Sun Feb 15 18:54:41 EST 2015
-------------------------------------------------
./convert                           : 1   of 1  
./convert 10                        : 1   of 1  
./convert 10 10                     : 1   of 1  
./convert 10 10                     : 1   of 1  
./convert 10 10 10                  : 0   of 1  
./convert 16 10 FF                  : 0   of 1  
./convert 16 10 100                 : 0   of 1  
./convert 10 8 20                   : 0   of 1  
./convert 10 2 127                  : 0   of 1  
./convert 10 16 8191                : 0   of 1  
./convert 10 25 100077900           : 0   of 1  
./convert 2 16 100010001111         : 0   of 1  
./convert 5 10 1234                 : 0   of 1  
./convert 5 10 123456               : 0   of 1  
-------------------------------------------------
CS240: lab3b. krustagi Sun Feb 15 18:54:41 EST 2015  Total:  4 of 14



-------------------------------------------------
CS240: lab3b . krustagi   
Sun Feb 15 18:55:01 EST 2015
-------------------------------------------------
./convert                           : 1   of 1  
./convert 10                        : 1   of 1  
./convert 10 10                     : 1   of 1  
./convert 10 10                     : 1   of 1  
./convert 10 10 10                  : 0   of 1  
./convert 16 10 FF                  : 0   of 1  
./convert 16 10 100                 : 0   of 1  
./convert 10 8 20                   : 0   of 1  
./convert 10 2 127                  : 0   of 1  
./convert 10 16 8191                : 0   of 1  
./convert 10 25 100077900           : 0   of 1  
./convert 2 16 100010001111         : 0   of 1  
./convert 5 10 1234                 : 0   of 1  
./convert 5 10 123456               : 0   of 1  
-------------------------------------------------
CS240: lab3b. krustagi Sun Feb 15 18:55:01 EST 2015  Total:  4 of 14



-------------------------------------------------
CS240: lab3b . krustagi   
Sun Feb 15 18:58:25 EST 2015
-------------------------------------------------
./convert                           : 1   of 1  
./convert 10                        : 1   of 1  
./convert 10 10                     : 1   of 1  
./convert 10 10                     : 1   of 1  
./convert 10 10 10                  : 0   of 1  
./convert 16 10 FF                  : 0   of 1  
./convert 16 10 100                 : 0   of 1  
./convert 10 8 20                   : 0   of 1  
./convert 10 2 127                  : 0   of 1  
./convert 10 16 8191                : 0   of 1  
./convert 10 25 100077900           : 0   of 1  
./convert 2 16 100010001111         : 0   of 1  
./convert 5 10 1234                 : 0   of 1  
./convert 5 10 123456               : 0   of 1  
-------------------------------------------------
CS240: lab3b. krustagi Sun Feb 15 18:58:25 EST 2015  Total:  4 of 14



-------------------------------------------------
CS240: lab3b . krustagi   
Sun Feb 15 18:59:53 EST 2015
-------------------------------------------------
./convert                           : 1   of 1  
./convert 10                        : 1   of 1  
./convert 10 10                     : 1   of 1  
./convert 10 10                     : 1   of 1  
./convert 10 10 10                  : 0   of 1  
./convert 16 10 FF                  : 0   of 1  
./convert 16 10 100                 : 0   of 1  
./convert 10 8 20                   : 0   of 1  
./convert 10 2 127                  : 0   of 1  
./convert 10 16 8191                : 0   of 1  
./convert 10 25 100077900           : 0   of 1  
./convert 2 16 100010001111         : 0   of 1  
./convert 5 10 1234                 : 0   of 1  
./convert 5 10 123456               : 0   of 1  
-------------------------------------------------
CS240: lab3b. krustagi Sun Feb 15 18:59:53 EST 2015  Total:  4 of 14



-------------------------------------------------
CS240: lab3b . krustagi   
Sun Feb 15 19:01:45 EST 2015
-------------------------------------------------
./convert                           : 1   of 1  
./convert 10                        : 1   of 1  
./convert 10 10                     : 1   of 1  
./convert 10 10                     : 1   of 1  
./convert 10 10 10                  : 0   of 1  
./convert 16 10 FF                  : 0   of 1  
./convert 16 10 100                 : 0   of 1  
./convert 10 8 20                   : 0   of 1  
./convert 10 2 127                  : 0   of 1  
./convert 10 16 8191                : 0   of 1  
./convert 10 25 100077900           : 0   of 1  
./convert 2 16 100010001111         : 0   of 1  
./convert 5 10 1234                 : 0   of 1  
./convert 5 10 123456               : 0   of 1  
-------------------------------------------------
CS240: lab3b. krustagi Sun Feb 15 19:01:45 EST 2015  Total:  4 of 14



-------------------------------------------------
CS240: lab3b . krustagi   
Sun Feb 15 19:02:54 EST 2015
-------------------------------------------------
./convert                           : 1   of 1  
./convert 10                        : 1   of 1  
./convert 10 10                     : 1   of 1  
./convert 10 10                     : 1   of 1  
./convert 10 10 10                  : 0   of 1  
./convert 16 10 FF                  : 0   of 1  
./convert 16 10 100                 : 0   of 1  
./convert 10 8 20                   : 0   of 1  
./convert 10 2 127                  : 0   of 1  
./convert 10 16 8191                : 0   of 1  
./convert 10 25 100077900           : 0   of 1  
./convert 2 16 100010001111         : 0   of 1  
./convert 5 10 1234                 : 0   of 1  
./convert 5 10 123456               : 0   of 1  
-------------------------------------------------
CS240: lab3b. krustagi Sun Feb 15 19:02:54 EST 2015  Total:  4 of 14



-------------------------------------------------
CS240: lab3b . krustagi   
Sun Feb 15 19:03:16 EST 2015
-------------------------------------------------
./convert                           : 1   of 1  
./convert 10                        : 1   of 1  
./convert 10 10                     : 1   of 1  
./convert 10 10                     : 1   of 1  
./convert 10 10 10                  : 0   of 1  
./convert 16 10 FF                  : 0   of 1  
./convert 16 10 100                 : 0   of 1  
./convert 10 8 20                   : 0   of 1  
./convert 10 2 127                  : 0   of 1  
./convert 10 16 8191                : 0   of 1  
./convert 10 25 100077900           : 0   of 1  
./convert 2 16 100010001111         : 0   of 1  
./convert 5 10 1234                 : 0   of 1  
./convert 5 10 123456               : 0   of 1  
-------------------------------------------------
CS240: lab3b. krustagi Sun Feb 15 19:03:16 EST 2015  Total:  4 of 14



-------------------------------------------------
CS240: lab3b . krustagi   
Sun Feb 15 19:04:01 EST 2015
-------------------------------------------------
./convert                           : 1   of 1  
./convert 10                        : 1   of 1  
./convert 10 10                     : 1   of 1  
./convert 10 10                     : 1   of 1  
./convert 10 10 10                  : 0   of 1  
./convert 16 10 FF                  : 0   of 1  
./convert 16 10 100                 : 0   of 1  
./convert 10 8 20                   : 0   of 1  
./convert 10 2 127                  : 0   of 1  
./convert 10 16 8191                : 0   of 1  
./convert 10 25 100077900           : 0   of 1  
./convert 2 16 100010001111         : 0   of 1  
./convert 5 10 1234                 : 0   of 1  
./convert 5 10 123456               : 0   of 1  
-------------------------------------------------
CS240: lab3b. krustagi Sun Feb 15 19:04:01 EST 2015  Total:  4 of 14



-------------------------------------------------
CS240: lab3b . krustagi   
Sun Feb 15 19:04:41 EST 2015
-------------------------------------------------
./convert                           : 1   of 1  
./convert 10                        : 1   of 1  
./convert 10 10                     : 1   of 1  
./convert 10 10                     : 1   of 1  
./convert 10 10 10                  : 0   of 1  
./convert 16 10 FF                  : 0   of 1  
./convert 16 10 100                 : 0   of 1  
./convert 10 8 20                   : 0   of 1  
./convert 10 2 127                  : 0   of 1  
./convert 10 16 8191                : 0   of 1  
./convert 10 25 100077900           : 0   of 1  
./convert 2 16 100010001111         : 0   of 1  
./convert 5 10 1234                 : 0   of 1  
./convert 5 10 123456               : 0   of 1  
-------------------------------------------------
CS240: lab3b. krustagi Sun Feb 15 19:04:41 EST 2015  Total:  4 of 14



-------------------------------------------------
CS240: lab3b . krustagi   
Sun Feb 15 19:07:27 EST 2015
-------------------------------------------------
./convert                           : 1   of 1  
./convert 10                        : 1   of 1  
./convert 10 10                     : 1   of 1  
./convert 10 10                     : 1   of 1  
./convert 10 10 10                  : 0   of 1  
./convert 16 10 FF                  : 0   of 1  
./convert 16 10 100                 : 0   of 1  
./convert 10 8 20                   : 0   of 1  
./convert 10 2 127                  : 0   of 1  
./convert 10 16 8191                : 0   of 1  
./convert 10 25 100077900           : 0   of 1  
./convert 2 16 100010001111         : 0   of 1  
./convert 5 10 1234                 : 0   of 1  
./convert 5 10 123456               : 0   of 1  
-------------------------------------------------
CS240: lab3b. krustagi Sun Feb 15 19:07:27 EST 2015  Total:  4 of 14



-------------------------------------------------
CS240: lab3b . krustagi   
Sun Feb 15 19:08:58 EST 2015
-------------------------------------------------
./convert                           : 1   of 1  
./convert 10                        : 1   of 1  
./convert 10 10                     : 1   of 1  
./convert 10 10                     : 1   of 1  
./convert 10 10 10                  : 0   of 1  
./convert 16 10 FF                  : 0   of 1  
./convert 16 10 100                 : 0   of 1  
./convert 10 8 20                   : 0   of 1  
./convert 10 2 127                  : 0   of 1  
./convert 10 16 8191                : 0   of 1  
./convert 10 25 100077900           : 0   of 1  
./convert 2 16 100010001111         : 0   of 1  
./convert 5 10 1234                 : 0   of 1  
./convert 5 10 123456               : 0   of 1  
-------------------------------------------------
CS240: lab3b. krustagi Sun Feb 15 19:08:58 EST 2015  Total:  4 of 14



-------------------------------------------------
CS240: lab3b . krustagi   
Sun Feb 15 19:09:21 EST 2015
-------------------------------------------------
./convert                           : 1   of 1  
./convert 10                        : 1   of 1  
./convert 10 10                     : 1   of 1  
./convert 10 10                     : 1   of 1  
./convert 10 10 10                  : 0   of 1  
./convert 16 10 FF                  : 0   of 1  
./convert 16 10 100                 : 0   of 1  
./convert 10 8 20                   : 0   of 1  
./convert 10 2 127                  : 0   of 1  
./convert 10 16 8191                : 0   of 1  
./convert 10 25 100077900           : 0   of 1  
./convert 2 16 100010001111         : 0   of 1  
./convert 5 10 1234                 : 0   of 1  
./convert 5 10 123456               : 0   of 1  
-------------------------------------------------
CS240: lab3b. krustagi Sun Feb 15 19:09:21 EST 2015  Total:  4 of 14



-------------------------------------------------
CS240: lab3b . krustagi   
Sun Feb 15 19:11:05 EST 2015
-------------------------------------------------
./convert                           : 1   of 1  
./convert 10                        : 1   of 1  
./convert 10 10                     : 1   of 1  
./convert 10 10                     : 1   of 1  
./convert 10 10 10                  : 0   of 1  
./convert 16 10 FF                  : 0   of 1  
./convert 16 10 100                 : 0   of 1  
./convert 10 8 20                   : 0   of 1  
./convert 10 2 127                  : 0   of 1  
./convert 10 16 8191                : 0   of 1  
./convert 10 25 100077900           : 0   of 1  
./convert 2 16 100010001111         : 0   of 1  
./convert 5 10 1234                 : 0   of 1  
./convert 5 10 123456               : 0   of 1  
-------------------------------------------------
CS240: lab3b. krustagi Sun Feb 15 19:11:05 EST 2015  Total:  4 of 14



-------------------------------------------------
CS240: lab3b . krustagi   
Sun Feb 15 19:13:43 EST 2015
-------------------------------------------------
./convert                           : 1   of 1  
./convert 10                        : 1   of 1  
./convert 10 10                     : 1   of 1  
./convert 10 10                     : 1   of 1  
./convert 10 10 10                  : 0   of 1  
./convert 16 10 FF                  : 0   of 1  
./convert 16 10 100                 : 0   of 1  
./convert 10 8 20                   : 0   of 1  
./convert 10 2 127                  : 0   of 1  
./convert 10 16 8191                : 0   of 1  
./convert 10 25 100077900           : 0   of 1  
./convert 2 16 100010001111         : 0   of 1  
./convert 5 10 1234                 : 0   of 1  
./convert 5 10 123456               : 1   of 1  
-------------------------------------------------
CS240: lab3b. krustagi Sun Feb 15 19:13:43 EST 2015  Total:  5 of 14



-------------------------------------------------
CS240: lab3b . krustagi   
Sun Feb 15 19:29:39 EST 2015
-------------------------------------------------
./convert                           : 1   of 1  
./convert 10                        : 1   of 1  
./convert 10 10                     : 1   of 1  
./convert 10 10                     : 1   of 1  
./convert 10 10 10                  : 0   of 1  
./convert 16 10 FF                  : 0   of 1  
./convert 16 10 100                 : 0   of 1  
./convert 10 8 20                   : 0   of 1  
./convert 10 2 127                  : 0   of 1  
./convert 10 16 8191                : 0   of 1  
./convert 10 25 100077900           : 0   of 1  
./convert 2 16 100010001111         : 0   of 1  
./convert 5 10 1234                 : 0   of 1  
./convert 5 10 123456               : 1   of 1  
-------------------------------------------------
CS240: lab3b. krustagi Sun Feb 15 19:29:39 EST 2015  Total:  5 of 14



-------------------------------------------------
CS240: lab3b . krustagi   
Sun Feb 15 19:30:10 EST 2015
-------------------------------------------------
./convert                           : 1   of 1  
./convert 10                        : 1   of 1  
./convert 10 10                     : 1   of 1  
./convert 10 10                     : 1   of 1  
./convert 10 10 10                  : 0   of 1  
./convert 16 10 FF                  : 0   of 1  
./convert 16 10 100                 : 0   of 1  
./convert 10 8 20                   : 0   of 1  
./convert 10 2 127                  : 0   of 1  
./convert 10 16 8191                : 0   of 1  
./convert 10 25 100077900           : 0   of 1  
./convert 2 16 100010001111         : 0   of 1  
./convert 5 10 1234                 : 0   of 1  
./convert 5 10 123456               : 1   of 1  
-------------------------------------------------
CS240: lab3b. krustagi Sun Feb 15 19:30:10 EST 2015  Total:  5 of 14



-------------------------------------------------
CS240: lab3b . krustagi   
Sun Feb 15 19:36:01 EST 2015
-------------------------------------------------
./convert                           : 1   of 1  
./convert 10                        : 1   of 1  
./convert 10 10                     : 1   of 1  
./convert 10 10                     : 1   of 1  
./convert 10 10 10                  : 0   of 1  
./convert 16 10 FF                  : 0   of 1  
./convert 16 10 100                 : 0   of 1  
./convert 10 8 20                   : 0   of 1  
./convert 10 2 127                  : 0   of 1  
./convert 10 16 8191                : 0   of 1  
./convert 10 25 100077900           : 0   of 1  
./convert 2 16 100010001111         : 0   of 1  
./convert 5 10 1234                 : 0   of 1  
./convert 5 10 123456               : 1   of 1  
-------------------------------------------------
CS240: lab3b. krustagi Sun Feb 15 19:36:01 EST 2015  Total:  5 of 14



-------------------------------------------------
CS240: lab3b . krustagi   
Sun Feb 15 19:38:39 EST 2015
-------------------------------------------------
./convert                           : 1   of 1  
./convert 10                        : 1   of 1  
./convert 10 10                     : 1   of 1  
./convert 10 10                     : 1   of 1  
./convert 10 10 10                  : 0   of 1  
./convert 16 10 FF                  : 0   of 1  
./convert 16 10 100                 : 0   of 1  
./convert 10 8 20                   : 0   of 1  
./convert 10 2 127                  : 0   of 1  
./convert 10 16 8191                : 0   of 1  
./convert 10 25 100077900           : 0   of 1  
./convert 2 16 100010001111         : 0   of 1  
./convert 5 10 1234                 : 0   of 1  
./convert 5 10 123456               : 1   of 1  
-------------------------------------------------
CS240: lab3b. krustagi Sun Feb 15 19:38:39 EST 2015  Total:  5 of 14



-------------------------------------------------
CS240: lab3b . krustagi   
Sun Feb 15 19:54:29 EST 2015
-------------------------------------------------
./convert                           : 1   of 1  
./convert 10                        : 1   of 1  
./convert 10 10                     : 1   of 1  
./convert 10 10                     : 1   of 1  
./convert 10 10 10                  : 0   of 1  
./convert 16 10 FF                  : 0   of 1  
./convert 16 10 100                 : 0   of 1  
./convert 10 8 20                   : 0   of 1  
./convert 10 2 127                  : 0   of 1  
./convert 10 16 8191                : 0   of 1  
./convert 10 25 100077900           : 0   of 1  
./convert 2 16 100010001111         : 0   of 1  
./convert 5 10 1234                 : 0   of 1  
./convert 5 10 123456               : 1   of 1  
-------------------------------------------------
CS240: lab3b. krustagi Sun Feb 15 19:54:29 EST 2015  Total:  5 of 14



-------------------------------------------------
CS240: lab3b . krustagi   
Sun Feb 15 19:54:54 EST 2015
-------------------------------------------------
./convert                           : 1   of 1  
./convert 10                        : 1   of 1  
./convert 10 10                     : 1   of 1  
./convert 10 10                     : 1   of 1  
./convert 10 10 10                  : 0   of 1  
./convert 16 10 FF                  : 0   of 1  
./convert 16 10 100                 : 0   of 1  
./convert 10 8 20                   : 0   of 1  
./convert 10 2 127                  : 0   of 1  
./convert 10 16 8191                : 0   of 1  
./convert 10 25 100077900           : 0   of 1  
./convert 2 16 100010001111         : 0   of 1  
./convert 5 10 1234                 : 0   of 1  
./convert 5 10 123456               : 1   of 1  
-------------------------------------------------
CS240: lab3b. krustagi Sun Feb 15 19:54:54 EST 2015  Total:  5 of 14



-------------------------------------------------
CS240: lab3b . krustagi   
Sun Feb 15 20:02:43 EST 2015
-------------------------------------------------
./convert                           : 1   of 1  
./convert 10                        : 1   of 1  
./convert 10 10                     : 1   of 1  
./convert 10 10                     : 1   of 1  
./convert 10 10 10                  : 0   of 1  
./convert 16 10 FF                  : 0   of 1  
./convert 16 10 100                 : 0   of 1  
./convert 10 8 20                   : 0   of 1  
./convert 10 2 127                  : 0   of 1  
./convert 10 16 8191                : 0   of 1  
./convert 10 25 100077900           : 0   of 1  
./convert 2 16 100010001111         : 0   of 1  
./convert 5 10 1234                 : 0   of 1  
./convert 5 10 123456               : 1   of 1  
-------------------------------------------------
CS240: lab3b. krustagi Sun Feb 15 20:02:43 EST 2015  Total:  5 of 14



-------------------------------------------------
CS240: lab3b . krustagi   
Sun Feb 15 20:03:18 EST 2015
-------------------------------------------------
./convert                           : 1   of 1  
./convert 10                        : 1   of 1  
./convert 10 10                     : 1   of 1  
./convert 10 10                     : 1   of 1  
./convert 10 10 10                  : 0   of 1  
./convert 16 10 FF                  : 0   of 1  
./convert 16 10 100                 : 0   of 1  
./convert 10 8 20                   : 0   of 1  
./convert 10 2 127                  : 0   of 1  
./convert 10 16 8191                : 0   of 1  
./convert 10 25 100077900           : 0   of 1  
./convert 2 16 100010001111         : 0   of 1  
./convert 5 10 1234                 : 0   of 1  
./convert 5 10 123456               : 1   of 1  
-------------------------------------------------
CS240: lab3b. krustagi Sun Feb 15 20:03:18 EST 2015  Total:  5 of 14



-------------------------------------------------
CS240: lab3b . krustagi   
Sun Feb 15 20:03:30 EST 2015
-------------------------------------------------
./convert                           : 1   of 1  
./convert 10                        : 1   of 1  
./convert 10 10                     : 1   of 1  
./convert 10 10                     : 1   of 1  
./convert 10 10 10                  : 0   of 1  
./convert 16 10 FF                  : 0   of 1  
./convert 16 10 100                 : 0   of 1  
./convert 10 8 20                   : 0   of 1  
./convert 10 2 127                  : 0   of 1  
./convert 10 16 8191                : 0   of 1  
./convert 10 25 100077900           : 0   of 1  
./convert 2 16 100010001111         : 0   of 1  
./convert 5 10 1234                 : 0   of 1  
./convert 5 10 123456               : 1   of 1  
-------------------------------------------------
CS240: lab3b. krustagi Sun Feb 15 20:03:30 EST 2015  Total:  5 of 14



-------------------------------------------------
CS240: lab3b . krustagi   
Sun Feb 15 20:05:27 EST 2015
-------------------------------------------------
./convert                           : 1   of 1  
./convert 10                        : 1   of 1  
./convert 10 10                     : 1   of 1  
./convert 10 10                     : 1   of 1  
./convert 10 10 10                  : 0   of 1  
./convert 16 10 FF                  : 0   of 1  
./convert 16 10 100                 : 0   of 1  
./convert 10 8 20                   : 0   of 1  
./convert 10 2 127                  : 0   of 1  
./convert 10 16 8191                : 0   of 1  
./convert 10 25 100077900           : 0   of 1  
./convert 2 16 100010001111         : 0   of 1  
./convert 5 10 1234                 : 0   of 1  
./convert 5 10 123456               : 1   of 1  
-------------------------------------------------
CS240: lab3b. krustagi Sun Feb 15 20:05:27 EST 2015  Total:  5 of 14



-------------------------------------------------
CS240: lab3b . krustagi   
Sun Feb 15 20:05:49 EST 2015
-------------------------------------------------
./convert                           : 1   of 1  
./convert 10                        : 1   of 1  
./convert 10 10                     : 1   of 1  
./convert 10 10                     : 1   of 1  
./convert 10 10 10                  : 0   of 1  
./convert 16 10 FF                  : 0   of 1  
./convert 16 10 100                 : 0   of 1  
./convert 10 8 20                   : 0   of 1  
./convert 10 2 127                  : 0   of 1  
./convert 10 16 8191                : 0   of 1  
./convert 10 25 100077900           : 0   of 1  
./convert 2 16 100010001111         : 0   of 1  
./convert 5 10 1234                 : 0   of 1  
./convert 5 10 123456               : 1   of 1  
-------------------------------------------------
CS240: lab3b. krustagi Sun Feb 15 20:05:49 EST 2015  Total:  5 of 14



-------------------------------------------------
CS240: lab3b . krustagi   
Sun Feb 15 20:06:27 EST 2015
-------------------------------------------------
./convert                           : 1   of 1  
./convert 10                        : 1   of 1  
./convert 10 10                     : 1   of 1  
./convert 10 10                     : 1   of 1  
./convert 10 10 10                  : 0   of 1  
./convert 16 10 FF                  : 0   of 1  
./convert 16 10 100                 : 0   of 1  
./convert 10 8 20                   : 0   of 1  
./convert 10 2 127                  : 0   of 1  
./convert 10 16 8191                : 0   of 1  
./convert 10 25 100077900           : 0   of 1  
./convert 2 16 100010001111         : 0   of 1  
./convert 5 10 1234                 : 0   of 1  
./convert 5 10 123456               : 1   of 1  
-------------------------------------------------
CS240: lab3b. krustagi Sun Feb 15 20:06:27 EST 2015  Total:  5 of 14



-------------------------------------------------
CS240: lab3b . krustagi   
Sun Feb 15 20:07:02 EST 2015
-------------------------------------------------
./convert                           : 1   of 1  
./convert 10                        : 1   of 1  
./convert 10 10                     : 1   of 1  
./convert 10 10                     : 1   of 1  
./convert 10 10 10                  : 0   of 1  
./convert 16 10 FF                  : 0   of 1  
./convert 16 10 100                 : 0   of 1  
./convert 10 8 20                   : 0   of 1  
./convert 10 2 127                  : 0   of 1  
./convert 10 16 8191                : 0   of 1  
./convert 10 25 100077900           : 0   of 1  
./convert 2 16 100010001111         : 0   of 1  
./convert 5 10 1234                 : 0   of 1  
./convert 5 10 123456               : 1   of 1  
-------------------------------------------------
CS240: lab3b. krustagi Sun Feb 15 20:07:02 EST 2015  Total:  5 of 14



-------------------------------------------------
CS240: lab3b . krustagi   
Sun Feb 15 20:07:24 EST 2015
-------------------------------------------------
./convert                           : 1   of 1  
./convert 10                        : 1   of 1  
./convert 10 10                     : 1   of 1  
./convert 10 10                     : 1   of 1  
./convert 10 10 10                  : 1   of 1  
./convert 16 10 FF                  : 1   of 1  
./convert 16 10 100                 : 1   of 1  
./convert 10 8 20                   : 1   of 1  
./convert 10 2 127                  : 1   of 1  
./convert 10 16 8191                : 0   of 1  
./convert 10 25 100077900           : 0   of 1  
./convert 2 16 100010001111         : 0   of 1  
./convert 5 10 1234                 : 1   of 1  
./convert 5 10 123456               : 1   of 1  
-------------------------------------------------
CS240: lab3b. krustagi Sun Feb 15 20:07:24 EST 2015  Total:  11 of 14



-------------------------------------------------
CS240: lab3b . krustagi   
Sun Feb 15 20:09:27 EST 2015
-------------------------------------------------
./convert                           : 1   of 1  
./convert 10                        : 1   of 1  
./convert 10 10                     : 1   of 1  
./convert 10 10                     : 1   of 1  
./convert 10 10 10                  : 1   of 1  
./convert 16 10 FF                  : 1   of 1  
./convert 16 10 100                 : 1   of 1  
./convert 10 8 20                   : 1   of 1  
./convert 10 2 127                  : 1   of 1  
./convert 10 16 8191                : 1   of 1  
./convert 10 25 100077900           : 1   of 1  
./convert 2 16 100010001111         : 1   of 1  
./convert 5 10 1234                 : 1   of 1  
./convert 5 10 123456               : 1   of 1  
-------------------------------------------------
CS240: lab3b. krustagi Sun Feb 15 20:09:27 EST 2015  Total:  14 of 14



-------------------------------------------------
CS240: lab3b . krustagi   
Sun Feb 15 21:43:09 EST 2015
-------------------------------------------------
./convert                           : 1   of 1  
./convert 10                        : 1   of 1  
./convert 10 10                     : 1   of 1  
./convert 10 10                     : 1   of 1  
./convert 10 10 10                  : 1   of 1  
./convert 16 10 FF                  : 1   of 1  
./convert 16 10 100                 : 1   of 1  
./convert 10 8 20                   : 1   of 1  
./convert 10 2 127                  : 1   of 1  
./convert 10 16 8191                : 1   of 1  
./convert 10 25 100077900           : 1   of 1  
./convert 2 16 100010001111         : 1   of 1  
./convert 5 10 1234                 : 1   of 1  
./convert 5 10 123456               : 1   of 1  
-------------------------------------------------
CS240: lab3b. krustagi Sun Feb 15 21:43:09 EST 2015  Total:  14 of 14

