[master (root-commit) e831346] 9 of 72
 Committer: CS24000 Account <cs240@data.cs.purdue.edu>
Your name and email address were configured automatically based
on your username and hostname. Please check that they are accurate.
You can suppress this message by setting them explicitly:

    git config --global user.name "Your Name"
    git config --global user.email you@example.com

After doing this, you may fix the identity used for this commit with:

    git commit --amend --reset-author

 42 files changed, 1515 insertions(+)
 create mode 100644 .local.git.out
 create mode 100644 .local.total.out
 create mode 100644 LinkedList.c
 create mode 100644 LinkedList.h
 create mode 100644 Makefile
 create mode 100644 array.c
 create mode 100644 array.h
 create mode 100755 check-array.sh
 create mode 100755 check-strfunc.sh
 create mode 100644 cosmos.txt
 create mode 100644 diff.out
 create mode 100644 hamlet-long.txt
 create mode 100644 hamlet-short.txt
 create mode 100644 hamlet.txt
 create mode 100644 mystring.c
 create mode 100644 mystring.h
 create mode 100644 mystring.o
 create mode 100644 mytable.ll
 create mode 100644 none
 create mode 100755 ptr-simple
 create mode 100644 ptr-simple.c
 create mode 100755 simple_list
 create mode 100644 simple_list.c
 create mode 100644 table1.ll
 create mode 100755 test_array
 create mode 100644 test_array.c
 create mode 100755 test_array.org
 create mode 100644 test_array.org.out
 create mode 100644 test_array.out
 create mode 100755 test_linked_list
 create mode 100644 test_linked_list.c
 create mode 100755 test_linked_list.org
 create mode 100644 test_linked_list.org.out
 create mode 100644 test_linked_list.out
 create mode 100755 test_mystring
 create mode 100644 test_mystring.c
 create mode 100755 test_mystring.org
 create mode 100644 test_mystring.org.out
 create mode 100644 test_mystring.out
 create mode 100755 testall
 create mode 100644 total.out
 create mode 100644 total.txt
