CS240: lab4. cs240 Mon Feb 16 10:16:28 EST 2015  Total:  21 of 112

CS240: lab4. cs240 Mon Feb 16 10:16:57 EST 2015  Total:  33 of 112

CS240: lab4. cs240 Mon Feb 16 10:17:48 EST 2015  Total:  33 of 112

CS240: lab4. cs240 Mon Feb 16 10:17:55 EST 2015  Total:  33 of 112

CS240: lab4. cs240 Mon Feb 16 11:08:32 EST 2015  Total:  36 of 115

CS240: lab4. owner Mon, Feb 16, 2015 8:34:34 PM  Total:  0 of 72

CS240: lab4. owner Mon, Feb 16, 2015 8:37:29 PM  Total:  72 of 72

CS240: lab4. cs240 Mon Feb 16 21:18:26 EST 2015  Total:  9 of 72

CS240: lab4. cs240 Mon Feb 16 21:22:59 EST 2015  Total:  9 of 72

CS240: lab4. krustagi Wed Feb 25 10:27:14 EST 2015  Total:  9 of 100

CS240: lab4. krustagi Wed Feb 25 10:30:28 EST 2015  Total:  36 of 100

CS240: lab4. krustagi Wed Feb 25 10:37:00 EST 2015  Total:  36 of 100

CS240: lab4. krustagi Wed Feb 25 10:39:44 EST 2015  Total:  39 of 103

CS240: lab4. krustagi Wed Feb 25 10:40:31 EST 2015  Total:  39 of 103

CS240: lab4. krustagi Wed Feb 25 10:42:27 EST 2015  Total:  45 of 103

CS240: lab4. krustagi Wed Feb 25 10:59:08 EST 2015  Total:  48 of 103

CS240: lab4. krustagi Wed Feb 25 11:14:53 EST 2015  Total:  48 of 103

CS240: lab4. krustagi Wed Feb 25 11:15:16 EST 2015  Total:  48 of 103

CS240: lab4. krustagi Wed Feb 25 11:26:42 EST 2015  Total:  48 of 103

CS240: lab4. krustagi Wed Feb 25 17:34:53 EST 2015  Total:  48 of 103

CS240: lab4. krustagi Fri Feb 27 16:53:24 EST 2015  Total:  48 of 103

CS240: lab4. krustagi Sat Feb 28 03:01:42 EST 2015  Total:  48 of 103

CS240: lab4. krustagi Sat Feb 28 11:23:01 EST 2015  Total:  51 of 103

CS240: lab4. krustagi Sat Feb 28 11:31:08 EST 2015  Total:  51 of 103

CS240: lab4. krustagi Sat Feb 28 11:35:52 EST 2015  Total:  54 of 103

CS240: lab4. krustagi Sat Feb 28 11:46:11 EST 2015  Total:  57 of 103

CS240: lab4. krustagi Sat Feb 28 11:48:02 EST 2015  Total:  60 of 103

CS240: lab4. krustagi Sat Feb 28 11:56:28 EST 2015  Total:  60 of 103

CS240: lab4. krustagi Sat Feb 28 12:08:18 EST 2015  Total:  60 of 103

CS240: lab4. krustagi Sat Feb 28 12:09:59 EST 2015  Total:  60 of 103

CS240: lab4. krustagi Sat Feb 28 12:12:16 EST 2015  Total:  60 of 103

CS240: lab4. krustagi Sat Feb 28 12:13:21 EST 2015  Total:  63 of 103

CS240: lab4. krustagi Sat Feb 28 12:28:38 EST 2015  Total:  63 of 103

CS240: lab4. krustagi Sat Feb 28 12:44:09 EST 2015  Total:  69 of 103

CS240: lab4. krustagi Sat Feb 28 17:53:33 EST 2015  Total:  69 of 103

CS240: lab4. krustagi Sat Feb 28 18:06:32 EST 2015  Total:  69 of 103

CS240: lab4. krustagi Sat Feb 28 22:44:58 EST 2015  Total:  69 of 103

CS240: lab4. krustagi Sat Feb 28 22:49:54 EST 2015  Total:  69 of 103

CS240: lab4. krustagi Sat Feb 28 22:57:07 EST 2015  Total:  69 of 103

CS240: lab4. krustagi Sat Feb 28 23:01:25 EST 2015  Total:  69 of 103

CS240: lab4. krustagi Sat Feb 28 23:05:59 EST 2015  Total:  69 of 103

CS240: lab4. krustagi Sat Feb 28 23:11:41 EST 2015  Total:  69 of 103

CS240: lab4. krustagi Sat Feb 28 23:13:43 EST 2015  Total:  72 of 103

CS240: lab4. krustagi Sat Feb 28 23:19:25 EST 2015  Total:  72 of 103

CS240: lab4. krustagi Sat Feb 28 23:39:08 EST 2015  Total:  72 of 103

CS240: lab4. krustagi Sat Feb 28 23:44:48 EST 2015  Total:  75 of 103

CS240: lab4. krustagi Sun Mar 1 01:44:04 EST 2015  Total:  75 of 103

CS240: lab4. krustagi Sun Mar 1 02:32:50 EST 2015  Total:  75 of 103

CS240: lab4. krustagi Sun Mar 1 02:58:47 EST 2015  Total:  83 of 103

CS240: lab4. krustagi Sun Mar 1 03:45:46 EST 2015  Total:  83 of 103

CS240: lab4. krustagi Sun Mar 1 06:40:47 EST 2015  Total:  75 of 103

CS240: lab4. krustagi Sun Mar 1 06:41:11 EST 2015  Total:  83 of 103

