#
# A fatal error has been detected by the Java Runtime Environment:
#
#  SIGSEGV (0xb) at pc=0x00007fff8157f0dd, pid=2568, tid=4879
#
# JRE version: Java(TM) SE Runtime Environment (8.0_45-b14) (build 1.8.0_45-b14)
# Java VM: Java HotSpot(TM) 64-Bit Server VM (25.45-b02 mixed mode bsd-amd64 compressed oops)
# Problematic frame:
# C  [libobjc.A.dylib+0x10dd]  objc_msgSend+0x1d
#
# Failed to write core dump. Core dumps have been disabled. To enable core dumping, try "ulimit -c unlimited" before starting Java again
#
# If you would like to submit a bug report, please visit:
#   http://bugreport.java.com/bugreport/crash.jsp
# The crash happened outside the Java Virtual Machine in native code.
# See problematic frame for where to report the bug.
#

---------------  T H R E A D  ---------------

Current thread (0x0000000100808800):  JavaThread "main" [_thread_in_native, id=4879, stack(0x00007fff5f400000,0x00007fff5fc00000)]

siginfo: si_signo: 11 (SIGSEGV), si_code: 1 (SEGV_MAPERR), si_addr: 0x000040dedeadbec0

Registers:
RAX=0x00007fff734f90d8, RBX=0x0000608000322ee0, RCX=0x0000000000000004, RDX=0x0000608000322ee0
RSP=0x00007fff5fbfc828, RBP=0x00007fff5fbfc8c0, RSI=0x00007fff90fa4903, RDI=0x0000600000373a40
R8 =0x00000000000003ff, R9 =0x0000608000322ee0, R10=0x00007fff90fa4903, R11=0x000040dedeadbea8
R12=0x0000600000373a40, R13=0x0000000000000000, R14=0x0000608000322ee0, R15=0x0000600000373a40
RIP=0x00007fff8157f0dd, EFLAGS=0x0000000000010202, ERR=0x0000000000000004
  TRAPNO=0x000000000000000e

Top of Stack: (sp=0x00007fff5fbfc828)
0x00007fff5fbfc828:   00007fff9086bb27 00007fff734f90d8
0x00007fff5fbfc838:   0000000000000009 0000000000000000
0x00007fff5fbfc848:   0000000000000000 0000000000000000
0x00007fff5fbfc858:   0000000000000000 0000000000000001
0x00007fff5fbfc868:   0000000000000000 0000000000000000
0x00007fff5fbfc878:   0000000000000000 0000000000000000
0x00007fff5fbfc888:   0000000000000000 0000000000000000
0x00007fff5fbfc898:   0000000000000000 0000608000322ee0
0x00007fff5fbfc8a8:   00007fff8157f0c0 0000608000322ee0
0x00007fff5fbfc8b8:   0000600000373a40 00007fff5fbfc900
0x00007fff5fbfc8c8:   00007fff8e5d7255 0000600000373a40
0x00007fff5fbfc8d8:   00007fff734f90d8 0000608000322ee0
0x00007fff5fbfc8e8:   0000000000000016 0000600000373a40
0x00007fff5fbfc8f8:   fffffffbffffffff 00007fff5fbfcbb0
0x00007fff5fbfc908:   00007fff90db16cc 00007fff5fbfcd60
0x00007fff5fbfc918:   00007fff82b08c70 00007fff7193e300
0x00007fff5fbfc928:   0000000000000000 00007fff5fbfc9ac
0x00007fff5fbfc938:   00007fff5fbfc9b0 00007fff5fbfc9b4
0x00007fff5fbfc948:   00007fff719944a8 ffffffffffffffff
0x00007fff5fbfc958:   0000206000000040 00007fff719944c0
0x00007fff5fbfc968:   00007fff719944a8 0000000000000000
0x00007fff5fbfc978:   00007fff719944f0 00007fff7193e300
0x00007fff5fbfc988:   00007fff719944a8 00007fff5fbfc9d0
0x00007fff5fbfc998:   00007fff00000000 0000000000a00100
0x00007fff5fbfc9a8:   00000001246032f0 0000608000322ee0
0x00007fff5fbfc9b8:   00006000001212c0 00007fff7193e300
0x00007fff5fbfc9c8:   00007fff719944a8 00007fff5fbfce20
0x00007fff5fbfc9d8:   00007fff82c9fee3 00007fff5fbfca54
0x00007fff5fbfc9e8:   00007fff7356a3d0 ffffffffffffffff
0x00007fff5fbfc9f8:   0000206000000040 00007fff7356a3e8
0x00007fff5fbfca08:   00007fff7356a3d0 0000000000000008
0x00007fff5fbfca18:   0000000000000000 0000600000162940 

Instructions: (pc=0x00007fff8157f0dd)
0x00007fff8157f0bd:   00 00 00 48 85 ff 2e 74 7a 40 f6 c7 01 2e 75 7e
0x00007fff8157f0cd:   49 bb f8 ff ff ff ff 7f 00 00 4c 23 1f 49 89 f2
0x00007fff8157f0dd:   45 23 53 18 49 c1 e2 04 4d 03 53 10 49 3b 32 75
0x00007fff8157f0ed:   04 41 ff 62 08 49 83 3a 00 74 6a 4d 3b 53 10 74 

Register to memory mapping:

RAX=0x00007fff734f90d8: OBJC_CLASS_$_WebHTMLView+0 in /System/Library/Frameworks/WebKit.framework/Versions/A/Frameworks/WebKitLegacy.framework/Versions/A/WebKitLegacy at 0x00007fff8e5b8000
RBX=0x0000608000322ee0 is an unknown value
RCX=0x0000000000000004 is an unknown value
RDX=0x0000608000322ee0 is an unknown value
RSP=0x00007fff5fbfc828 is pointing into the stack for thread: 0x0000000100808800
RBP=0x00007fff5fbfc8c0 is pointing into the stack for thread: 0x0000000100808800
RSI=0x00007fff90fa4903: -[NSTitlebarContainerView transparent]+0x1f7f7 in /System/Library/Frameworks/AppKit.framework/Versions/C/AppKit at 0x00007fff905e2000
RDI=0x0000600000373a40 is an unknown value
R8 =0x00000000000003ff is an unknown value
R9 =0x0000608000322ee0 is an unknown value
R10=0x00007fff90fa4903: -[NSTitlebarContainerView transparent]+0x1f7f7 in /System/Library/Frameworks/AppKit.framework/Versions/C/AppKit at 0x00007fff905e2000
R11=0x000040dedeadbea8 is an unknown value
R12=0x0000600000373a40 is an unknown value
R13=0x0000000000000000 is an unknown value
R14=0x0000608000322ee0 is an unknown value
R15=0x0000600000373a40 is an unknown value


Stack: [0x00007fff5f400000,0x00007fff5fc00000],  sp=0x00007fff5fbfc828,  free space=8178k
Native frames: (J=compiled Java code, j=interpreted, Vv=VM code, C=native code)
C  [libobjc.A.dylib+0x10dd]  objc_msgSend+0x1d
C  [WebKitLegacy+0x1f255]  -[WebHTMLView scrollWheel:]+0x85
C  [AppKit+0x7cf6cc]  -[NSWindow _reallySendEvent:isDelayedEvent:]+0x1b1d
C  [AppKit+0x160c86]  -[NSWindow sendEvent:]+0x1d6
C  [libswt-pi-cocoa-4430.jnilib+0x13ac0]  Java_org_eclipse_swt_internal_cocoa_OS_objc_1msgSendSuper__Lorg_eclipse_swt_internal_cocoa_objc_1super_2JJ+0x61
J 1781  org.eclipse.swt.internal.cocoa.OS.objc_msgSendSuper(Lorg/eclipse/swt/internal/cocoa/objc_super;JJ)J (0 bytes) @ 0x000000010695874b [0x0000000106958680+0xcb]
J 13816 C2 org.eclipse.swt.widgets.Shell.windowSendEvent(JJJ)V (673 bytes) @ 0x0000000108cba9f0 [0x0000000108cba880+0x170]

Java frames: (J=compiled Java code, j=interpreted, Vv=VM code)
J 1781  org.eclipse.swt.internal.cocoa.OS.objc_msgSendSuper(Lorg/eclipse/swt/internal/cocoa/objc_super;JJ)J (0 bytes) @ 0x00000001069586d5 [0x0000000106958680+0x55]
J 13816 C2 org.eclipse.swt.widgets.Shell.windowSendEvent(JJJ)V (673 bytes) @ 0x0000000108cba9f0 [0x0000000108cba880+0x170]
J 19481 C2 org.eclipse.swt.widgets.Display.windowProc(JJJ)J (2612 bytes) @ 0x0000000107f1fb7c [0x0000000107f1e8e0+0x129c]
v  ~StubRoutines::call_stub
J 1781  org.eclipse.swt.internal.cocoa.OS.objc_msgSendSuper(Lorg/eclipse/swt/internal/cocoa/objc_super;JJ)J (0 bytes) @ 0x00000001069586d5 [0x0000000106958680+0x55]
J 13590 C2 org.eclipse.swt.widgets.Display.applicationSendEvent(JJJ)V (445 bytes) @ 0x0000000108a68e14 [0x0000000108a68940+0x4d4]
J 13565 C2 org.eclipse.swt.widgets.Display.applicationProc(JJJ)J (364 bytes) @ 0x00000001089a44a8 [0x00000001089a4380+0x128]
v  ~StubRoutines::call_stub
J 1615  org.eclipse.swt.internal.cocoa.OS.objc_msgSend(JJJ)J (0 bytes) @ 0x00000001067edc87 [0x00000001067edc40+0x47]
J 13615 C2 org.eclipse.swt.widgets.Display.readAndDispatch()Z (247 bytes) @ 0x0000000107744f74 [0x0000000107744740+0x834]
J 18253% C1 org.eclipse.e4.ui.internal.workbench.swt.PartRenderingEngine$9.run()V (777 bytes) @ 0x00000001094c025c [0x00000001094bab40+0x571c]
j  org.eclipse.core.databinding.observable.Realm.runWithDefault(Lorg/eclipse/core/databinding/observable/Realm;Ljava/lang/Runnable;)V+12
j  org.eclipse.e4.ui.internal.workbench.swt.PartRenderingEngine.run(Lorg/eclipse/e4/ui/model/application/MApplicationElement;Lorg/eclipse/e4/core/contexts/IEclipseContext;)Ljava/lang/Object;+57
j  org.eclipse.e4.ui.internal.workbench.E4Workbench.createAndRunUI(Lorg/eclipse/e4/ui/model/application/MApplicationElement;)V+20
j  org.eclipse.ui.internal.Workbench$5.run()V+310
j  org.eclipse.core.databinding.observable.Realm.runWithDefault(Lorg/eclipse/core/databinding/observable/Realm;Ljava/lang/Runnable;)V+12
j  org.eclipse.ui.internal.Workbench.createAndRunWorkbench(Lorg/eclipse/swt/widgets/Display;Lorg/eclipse/ui/application/WorkbenchAdvisor;)I+18
j  org.eclipse.ui.PlatformUI.createAndRunWorkbench(Lorg/eclipse/swt/widgets/Display;Lorg/eclipse/ui/application/WorkbenchAdvisor;)I+2
j  org.eclipse.ui.internal.ide.application.IDEApplication.start(Lorg/eclipse/equinox/app/IApplicationContext;)Ljava/lang/Object;+111
j  org.eclipse.equinox.internal.app.EclipseAppHandle.run(Ljava/lang/Object;)Ljava/lang/Object;+135
j  org.eclipse.core.runtime.internal.adaptor.EclipseAppLauncher.runApplication(Ljava/lang/Object;)Ljava/lang/Object;+85
j  org.eclipse.core.runtime.internal.adaptor.EclipseAppLauncher.start(Ljava/lang/Object;)Ljava/lang/Object;+82
j  org.eclipse.core.runtime.adaptor.EclipseStarter.run(Ljava/lang/Object;)Ljava/lang/Object;+109
j  org.eclipse.core.runtime.adaptor.EclipseStarter.run([Ljava/lang/String;Ljava/lang/Runnable;)Ljava/lang/Object;+132
v  ~StubRoutines::call_stub
j  sun.reflect.NativeMethodAccessorImpl.invoke0(Ljava/lang/reflect/Method;Ljava/lang/Object;[Ljava/lang/Object;)Ljava/lang/Object;+0
j  sun.reflect.NativeMethodAccessorImpl.invoke(Ljava/lang/Object;[Ljava/lang/Object;)Ljava/lang/Object;+100
j  sun.reflect.DelegatingMethodAccessorImpl.invoke(Ljava/lang/Object;[Ljava/lang/Object;)Ljava/lang/Object;+6
j  java.lang.reflect.Method.invoke(Ljava/lang/Object;[Ljava/lang/Object;)Ljava/lang/Object;+56
j  org.eclipse.equinox.launcher.Main.invokeFramework([Ljava/lang/String;[Ljava/net/URL;)V+211
j  org.eclipse.equinox.launcher.Main.basicRun([Ljava/lang/String;)V+160
j  org.eclipse.equinox.launcher.Main.run([Ljava/lang/String;)I+4
v  ~StubRoutines::call_stub

---------------  P R O C E S S  ---------------

Java Threads: ( => current thread )
  0x0000000100fb8000 JavaThread "Recommenders-Bus-Thread-58" daemon [_thread_blocked, id=68467, stack(0x0000000123044000,0x0000000123144000)]
  0x000000012e20a800 JavaThread "Worker-92" [_thread_blocked, id=66523, stack(0x000000012d401000,0x000000012d501000)]
  0x0000000101b8a000 JavaThread "Recommenders-Bus-Thread-54" daemon [_thread_blocked, id=82651, stack(0x00000001240c6000,0x00000001241c6000)]
  0x000000012e442000 JavaThread "Worker-91" [_thread_blocked, id=83979, stack(0x0000000125c82000,0x0000000125d82000)]
  0x000000012e12a800 JavaThread "Worker-89" [_thread_blocked, id=56195, stack(0x000000012430a000,0x000000012440a000)]
  0x000000012e9bd800 JavaThread "Worker-82" [_thread_blocked, id=77411, stack(0x0000000121540000,0x0000000121640000)]
  0x000000012ec4e000 JavaThread "Worker-80" [_thread_blocked, id=88755, stack(0x000000011ee2a000,0x000000011ef2a000)]
  0x000000012ef7e000 JavaThread "Thread-98" daemon [_thread_in_native, id=71423, stack(0x00000001215c1000,0x0000000121641000)]
  0x000000011f425000 JavaThread "Recommenders-Timeout-Manager" [_thread_blocked, id=82743, stack(0x000000013213c000,0x000000013223c000)]
  0x0000000101a47000 JavaThread "Timer-0" daemon [_thread_blocked, id=79459, stack(0x000000012da42000,0x000000012db42000)]
  0x000000012ea2d800 JavaThread "com.google.inject.internal.util.$Finalizer" daemon [_thread_blocked, id=28487, stack(0x0000000127768000,0x0000000127868000)]
  0x00000001019df000 JavaThread "Thread-44" daemon [_thread_in_native, id=57359, stack(0x000000011ee2a000,0x000000011eeaa000)]
  0x000000012e2f5800 JavaThread "Thread-29" daemon [_thread_in_native, id=79607, stack(0x0000000123044000,0x00000001230c4000)]
  0x000000012eba4000 JavaThread "org.eclipse.jdt.internal.ui.text.JavaReconciler" daemon [_thread_blocked, id=79091, stack(0x0000000127a6b000,0x0000000127b6b000)]
  0x000000012ea30800 JavaThread "org.eclipse.jdt.internal.ui.text.JavaReconciler" daemon [_thread_blocked, id=67035, stack(0x000000012cebb000,0x000000012cfbb000)]
  0x000000012f7f2000 JavaThread "org.eclipse.jdt.internal.ui.text.JavaReconciler" daemon [_thread_blocked, id=63915, stack(0x000000012c764000,0x000000012c864000)]
  0x000000012ea1c800 JavaThread "org.eclipse.jdt.internal.ui.text.JavaReconciler" daemon [_thread_blocked, id=33899, stack(0x0000000126c16000,0x0000000126d16000)]
  0x0000000100d43800 JavaThread "Java indexing" daemon [_thread_blocked, id=34059, stack(0x0000000121d37000,0x0000000121e37000)]
  0x000000011f6d6800 JavaThread "EventAdmin Async Event Dispatcher Thread" daemon [_thread_blocked, id=44539, stack(0x00000001217a9000,0x00000001218a9000)]
  0x000000011f345800 JavaThread "Bundle File Closer" daemon [_thread_blocked, id=6663, stack(0x000000011fa01000,0x000000011fb01000)]
  0x0000000101804800 JavaThread "[ThreadPool Manager] - Idle Thread" daemon [_thread_blocked, id=42759, stack(0x000000011e094000,0x000000011e194000)]
  0x0000000100bb9800 JavaThread "EMF Reference Cleaner" daemon [_thread_blocked, id=41939, stack(0x000000011cf1d000,0x000000011d01d000)]
  0x0000000100883800 JavaThread "Worker-JM" [_thread_blocked, id=44055, stack(0x000000011c04c000,0x000000011c14c000)]
  0x0000000102145800 JavaThread "[Timer] - Main Queue Handler" daemon [_thread_blocked, id=43267, stack(0x000000011c8bb000,0x000000011c9bb000)]
  0x0000000100a5c800 JavaThread "Start Level: Equinox Container: 2064ecf3-315f-0015-1646-f07c85840b6a" daemon [_thread_blocked, id=39939, stack(0x000000011c433000,0x000000011c533000)]
  0x00000001010d1800 JavaThread "Framework Event Dispatcher: Equinox Container: 2064ecf3-315f-0015-1646-f07c85840b6a" daemon [_thread_blocked, id=39687, stack(0x000000011c330000,0x000000011c430000)]
  0x0000000100a54800 JavaThread "Active Thread: Equinox Container: 2064ecf3-315f-0015-1646-f07c85840b6a" [_thread_blocked, id=39091, stack(0x000000011be0b000,0x000000011bf0b000)]
  0x0000000101008000 JavaThread "Service Thread" daemon [_thread_blocked, id=26627, stack(0x000000011904d000,0x000000011914d000)]
  0x00000001018dd800 JavaThread "C1 CompilerThread2" daemon [_thread_blocked, id=26115, stack(0x0000000118f4a000,0x000000011904a000)]
  0x00000001018dd000 JavaThread "C2 CompilerThread1" daemon [_thread_blocked, id=25603, stack(0x0000000118e47000,0x0000000118f47000)]
  0x0000000102003800 JavaThread "C2 CompilerThread0" daemon [_thread_blocked, id=25091, stack(0x0000000118d44000,0x0000000118e44000)]
  0x00000001018a1800 JavaThread "Signal Dispatcher" daemon [_thread_blocked, id=24335, stack(0x0000000118c41000,0x0000000118d41000)]
  0x00000001018c5800 JavaThread "Finalizer" daemon [_thread_blocked, id=23555, stack(0x0000000118af8000,0x0000000118bf8000)]
  0x000000010081a800 JavaThread "Reference Handler" daemon [_thread_blocked, id=23043, stack(0x00000001189f5000,0x0000000118af5000)]
=>0x0000000100808800 JavaThread "main" [_thread_in_native, id=4879, stack(0x00007fff5f400000,0x00007fff5fc00000)]

Other Threads:
  0x00000001018c4800 VMThread [stack: 0x00000001188f2000,0x00000001189f2000] [id=22531]
  0x0000000100830000 WatcherThread [stack: 0x0000000119150000,0x0000000119250000] [id=27139]

VM state:not at safepoint (normal execution)

VM Mutex/Monitor currently owned by a thread: None

Heap:
 PSYoungGen      total 25600K, used 9349K [0x00000007b5580000, 0x00000007b7580000, 0x00000007c0000000)
  eden space 19456K, 27% used [0x00000007b5580000,0x00000007b5ad0800,0x00000007b6880000)
  from space 6144K, 63% used [0x00000007b6f80000,0x00000007b7350f10,0x00000007b7580000)
  to   space 6656K, 0% used [0x00000007b6880000,0x00000007b6880000,0x00000007b6f00000)
 ParOldGen       total 108032K, used 96551K [0x00000007a0000000, 0x00000007a6980000, 0x00000007b5580000)
  object space 108032K, 89% used [0x00000007a0000000,0x00000007a5e49d28,0x00000007a6980000)
 Metaspace       used 103944K, capacity 112694K, committed 113024K, reserved 1146880K
  class space    used 12356K, capacity 14859K, committed 14976K, reserved 1048576K

Card table byte_map: [0x0000000115761000,0x0000000115862000] byte_map_base: 0x0000000111a61000

Marking Bits: (ParMarkBitMap*) 0x0000000105ce97a0
 Begin Bits: [0x0000000115d19000, 0x0000000116519000)
 End Bits:   [0x0000000116519000, 0x0000000116d19000)

Polling page: 0x00000001000ff000

CodeCache: size=245760Kb used=61781Kb max_used=61822Kb free=183978Kb
 bounds [0x00000001063a1000, 0x000000010a081000, 0x00000001153a1000]
 total_blobs=16236 nmethods=15414 adapters=726
 compilation: enabled

Compilation events (10 events):
Event: 33859.819 Thread 0x00000001018dd800 nmethod 20350 0x000000010a044d90 code [0x000000010a044f20, 0x000000010a045328]
Event: 33859.819 Thread 0x00000001018dd800 20351       3       org.eclipse.core.internal.resources.MarkerTypeDefinitionCache::isSubtype (50 bytes)
Event: 33859.820 Thread 0x00000001018dd800 nmethod 20351 0x000000010a044450 code [0x000000010a044600, 0x000000010a044bc8]
Event: 33859.910 Thread 0x00000001018dd000 nmethod 20348 0x000000010a054fd0 code [0x000000010a055e00, 0x000000010a05b8c0]
Event: 33861.601 Thread 0x00000001018dd800 20352       3       org.eclipse.jdt.internal.ui.text.java.hover.JavaEditorTextHoverProxy::isCreated (11 bytes)
Event: 33861.602 Thread 0x00000001018dd800 nmethod 20352 0x000000010a044090 code [0x000000010a044200, 0x000000010a0443b0]
Event: 33862.520 Thread 0x00000001018dd800 20353       3       org.eclipse.swt.widgets.ToolItem::setEnabled (54 bytes)
Event: 33862.521 Thread 0x00000001018dd800 nmethod 20353 0x000000010a043b10 code [0x000000010a043ca0, 0x000000010a043fd8]
Event: 33862.525 Thread 0x0000000102003800 20354 %     4       org.eclipse.swt.layout.GridLayout::layout @ 628 (4406 bytes)
Event: 33862.738 Thread 0x0000000102003800 nmethod 20354% 0x000000010a068210 code [0x000000010a0686a0, 0x000000010a06ee58]

GC Heap History (10 events):
Event: 33814.496 GC heap before
{Heap before GC invocations=303 (full 93):
 PSYoungGen      total 24064K, used 23716K [0x00000007b5580000, 0x00000007b7680000, 0x00000007c0000000)
  eden space 19456K, 100% used [0x00000007b5580000,0x00000007b6880000,0x00000007b6880000)
  from space 4608K, 92% used [0x00000007b6880000,0x00000007b6ca9380,0x00000007b6d00000)
  to   space 7168K, 0% used [0x00000007b6f80000,0x00000007b6f80000,0x00000007b7680000)
 ParOldGen       total 108032K, used 94848K [0x00000007a0000000, 0x00000007a6980000, 0x00000007b5580000)
  object space 108032K, 87% used [0x00000007a0000000,0x00000007a5ca0120,0x00000007a6980000)
 Metaspace       used 103904K, capacity 112694K, committed 113024K, reserved 1146880K
  class space    used 12355K, capacity 14859K, committed 14976K, reserved 1048576K
Event: 33814.504 GC heap after
Heap after GC invocations=303 (full 93):
 PSYoungGen      total 26624K, used 4500K [0x00000007b5580000, 0x00000007b7680000, 0x00000007c0000000)
  eden space 19456K, 0% used [0x00000007b5580000,0x00000007b5580000,0x00000007b6880000)
  from space 7168K, 62% used [0x00000007b6f80000,0x00000007b73e5370,0x00000007b7680000)
  to   space 7168K, 0% used [0x00000007b6880000,0x00000007b6880000,0x00000007b6f80000)
 ParOldGen       total 108032K, used 95348K [0x00000007a0000000, 0x00000007a6980000, 0x00000007b5580000)
  object space 108032K, 88% used [0x00000007a0000000,0x00000007a5d1d068,0x00000007a6980000)
 Metaspace       used 103904K, capacity 112694K, committed 113024K, reserved 1146880K
  class space    used 12355K, capacity 14859K, committed 14976K, reserved 1048576K
}
Event: 33824.911 GC heap before
{Heap before GC invocations=304 (full 93):
 PSYoungGen      total 26624K, used 23956K [0x00000007b5580000, 0x00000007b7680000, 0x00000007c0000000)
  eden space 19456K, 100% used [0x00000007b5580000,0x00000007b6880000,0x00000007b6880000)
  from space 7168K, 62% used [0x00000007b6f80000,0x00000007b73e5370,0x00000007b7680000)
  to   space 7168K, 0% used [0x00000007b6880000,0x00000007b6880000,0x00000007b6f80000)
 ParOldGen       total 108032K, used 95348K [0x00000007a0000000, 0x00000007a6980000, 0x00000007b5580000)
  object space 108032K, 88% used [0x00000007a0000000,0x00000007a5d1d068,0x00000007a6980000)
 Metaspace       used 103912K, capacity 112694K, committed 113024K, reserved 1146880K
  class space    used 12355K, capacity 14859K, committed 14976K, reserved 1048576K
Event: 33824.918 GC heap after
Heap after GC invocations=304 (full 93):
 PSYoungGen      total 26624K, used 4454K [0x00000007b5580000, 0x00000007b7680000, 0x00000007c0000000)
  eden space 19456K, 0% used [0x00000007b5580000,0x00000007b5580000,0x00000007b6880000)
  from space 7168K, 62% used [0x00000007b6880000,0x00000007b6cd9940,0x00000007b6f80000)
  to   space 7168K, 0% used [0x00000007b6f80000,0x00000007b6f80000,0x00000007b7680000)
 ParOldGen       total 108032K, used 95428K [0x00000007a0000000, 0x00000007a6980000, 0x00000007b5580000)
  object space 108032K, 88% used [0x00000007a0000000,0x00000007a5d31068,0x00000007a6980000)
 Metaspace       used 103912K, capacity 112694K, committed 113024K, reserved 1146880K
  class space    used 12355K, capacity 14859K, committed 14976K, reserved 1048576K
}
Event: 33833.495 GC heap before
{Heap before GC invocations=305 (full 93):
 PSYoungGen      total 26624K, used 23910K [0x00000007b5580000, 0x00000007b7680000, 0x00000007c0000000)
  eden space 19456K, 100% used [0x00000007b5580000,0x00000007b6880000,0x00000007b6880000)
  from space 7168K, 62% used [0x00000007b6880000,0x00000007b6cd9940,0x00000007b6f80000)
  to   space 7168K, 0% used [0x00000007b6f80000,0x00000007b6f80000,0x00000007b7680000)
 ParOldGen       total 108032K, used 95428K [0x00000007a0000000, 0x00000007a6980000, 0x00000007b5580000)
  object space 108032K, 88% used [0x00000007a0000000,0x00000007a5d31068,0x00000007a6980000)
 Metaspace       used 103922K, capacity 112694K, committed 113024K, reserved 1146880K
  class space    used 12355K, capacity 14859K, committed 14976K, reserved 1048576K
Event: 33833.499 GC heap after
Heap after GC invocations=305 (full 93):
 PSYoungGen      total 26624K, used 4244K [0x00000007b5580000, 0x00000007b7680000, 0x00000007c0000000)
  eden space 19456K, 0% used [0x00000007b5580000,0x00000007b5580000,0x00000007b6880000)
  from space 7168K, 59% used [0x00000007b6f80000,0x00000007b73a5370,0x00000007b7680000)
  to   space 7168K, 0% used [0x00000007b6880000,0x00000007b6880000,0x00000007b6f80000)
 ParOldGen       total 108032K, used 95460K [0x00000007a0000000, 0x00000007a6980000, 0x00000007b5580000)
  object space 108032K, 88% used [0x00000007a0000000,0x00000007a5d39068,0x00000007a6980000)
 Metaspace       used 103922K, capacity 112694K, committed 113024K, reserved 1146880K
  class space    used 12355K, capacity 14859K, committed 14976K, reserved 1048576K
}
Event: 33845.390 GC heap before
{Heap before GC invocations=306 (full 93):
 PSYoungGen      total 26624K, used 23700K [0x00000007b5580000, 0x00000007b7680000, 0x00000007c0000000)
  eden space 19456K, 100% used [0x00000007b5580000,0x00000007b6880000,0x00000007b6880000)
  from space 7168K, 59% used [0x00000007b6f80000,0x00000007b73a5370,0x00000007b7680000)
  to   space 7168K, 0% used [0x00000007b6880000,0x00000007b6880000,0x00000007b6f80000)
 ParOldGen       total 108032K, used 95460K [0x00000007a0000000, 0x00000007a6980000, 0x00000007b5580000)
  object space 108032K, 88% used [0x00000007a0000000,0x00000007a5d39068,0x00000007a6980000)
 Metaspace       used 103930K, capacity 112694K, committed 113024K, reserved 1146880K
  class space    used 12355K, capacity 14859K, committed 14976K, reserved 1048576K
Event: 33845.397 GC heap after
Heap after GC invocations=306 (full 93):
 PSYoungGen      total 26624K, used 4246K [0x00000007b5580000, 0x00000007b7680000, 0x00000007c0000000)
  eden space 19456K, 0% used [0x00000007b5580000,0x00000007b5580000,0x00000007b6880000)
  from space 7168K, 59% used [0x00000007b6880000,0x00000007b6ca5930,0x00000007b6f80000)
  to   space 7168K, 0% used [0x00000007b6f80000,0x00000007b6f80000,0x00000007b7680000)
 ParOldGen       total 108032K, used 95484K [0x00000007a0000000, 0x00000007a6980000, 0x00000007b5580000)
  object space 108032K, 88% used [0x00000007a0000000,0x00000007a5d3f068,0x00000007a6980000)
 Metaspace       used 103930K, capacity 112694K, committed 113024K, reserved 1146880K
  class space    used 12355K, capacity 14859K, committed 14976K, reserved 1048576K
}
Event: 33859.808 GC heap before
{Heap before GC invocations=307 (full 93):
 PSYoungGen      total 26624K, used 23702K [0x00000007b5580000, 0x00000007b7680000, 0x00000007c0000000)
  eden space 19456K, 100% used [0x00000007b5580000,0x00000007b6880000,0x00000007b6880000)
  from space 7168K, 59% used [0x00000007b6880000,0x00000007b6ca5930,0x00000007b6f80000)
  to   space 7168K, 0% used [0x00000007b6f80000,0x00000007b6f80000,0x00000007b7680000)
 ParOldGen       total 108032K, used 95484K [0x00000007a0000000, 0x00000007a6980000, 0x00000007b5580000)
  object space 108032K, 88% used [0x00000007a0000000,0x00000007a5d3f068,0x00000007a6980000)
 Metaspace       used 103936K, capacity 112694K, committed 113024K, reserved 1146880K
  class space    used 12355K, capacity 14859K, committed 14976K, reserved 1048576K
Event: 33859.813 GC heap after
Heap after GC invocations=307 (full 93):
 PSYoungGen      total 25600K, used 3907K [0x00000007b5580000, 0x00000007b7580000, 0x00000007c0000000)
  eden space 19456K, 0% used [0x00000007b5580000,0x00000007b5580000,0x00000007b6880000)
  from space 6144K, 63% used [0x00000007b6f80000,0x00000007b7350f10,0x00000007b7580000)
  to   space 6656K, 0% used [0x00000007b6880000,0x00000007b6880000,0x00000007b6f00000)
 ParOldGen       total 108032K, used 96551K [0x00000007a0000000, 0x00000007a6980000, 0x00000007b5580000)
  object space 108032K, 89% used [0x00000007a0000000,0x00000007a5e49d28,0x00000007a6980000)
 Metaspace       used 103936K, capacity 112694K, committed 113024K, reserved 1146880K
  class space    used 12355K, capacity 14859K, committed 14976K, reserved 1048576K
}

Deoptimization events (10 events):
Event: 33775.980 Thread 0x0000000100808800 Uncommon trap: reason=class_check action=maybe_recompile pc=0x0000000109026508 method=org.eclipse.jdt.internal.compiler.lookup.MethodBinding.canBeSeenBy(Lorg/eclipse/jdt/internal/compiler/lookup/TypeBinding;Lorg/eclipse/jdt/internal/compiler/lookup/Invoca
Event: 33779.288 Thread 0x0000000100808800 Uncommon trap: reason=class_check action=maybe_recompile pc=0x000000010891db78 method=org.eclipse.swt.custom.StyledText.setStyleRanges(II[I[Lorg/eclipse/swt/custom/StyleRange;Z)V @ 4
Event: 33780.032 Thread 0x000000011f425000 Uncommon trap: reason=unstable_if action=reinterpret pc=0x0000000109c20184 method=org.eclipse.jdt.internal.core.search.BasicSearchEngine$3.acceptIndexMatch(Ljava/lang/String;Lorg/eclipse/jdt/core/search/SearchPattern;Lorg/eclipse/jdt/core/search/SearchPar
Event: 33780.720 Thread 0x0000000100808800 Uncommon trap: reason=class_check action=maybe_recompile pc=0x000000010891db78 method=org.eclipse.swt.custom.StyledText.setStyleRanges(II[I[Lorg/eclipse/swt/custom/StyleRange;Z)V @ 4
Event: 33780.721 Thread 0x0000000100808800 Uncommon trap: reason=unstable_if action=reinterpret pc=0x0000000109b4d57c method=org.eclipse.swt.custom.StyledText.getVerticalScrollOffset()I @ 5
Event: 33782.021 Thread 0x0000000100808800 Uncommon trap: reason=class_check action=maybe_recompile pc=0x000000010891db78 method=org.eclipse.swt.custom.StyledText.setStyleRanges(II[I[Lorg/eclipse/swt/custom/StyleRange;Z)V @ 4
Event: 33782.021 Thread 0x0000000100808800 Uncommon trap: reason=unstable_if action=reinterpret pc=0x000000010985bc18 method=org.eclipse.swt.graphics.TextStyle.equals(Ljava/lang/Object;)Z @ 109
Event: 33805.765 Thread 0x000000012e442000 Uncommon trap: reason=unstable_if action=reinterpret pc=0x0000000109c6ba98 method=org.eclipse.jdt.core.dom.DefaultBindingResolver.resolveName(Lorg/eclipse/jdt/core/dom/Name;)Lorg/eclipse/jdt/core/dom/IBinding; @ 364
Event: 33818.437 Thread 0x000000012e12a800 Uncommon trap: reason=unstable_if action=reinterpret pc=0x00000001073d83cc method=org.eclipse.jdt.core.dom.VariableBinding.isEqualTo(Lorg/eclipse/jdt/core/dom/IBinding;)Z @ 72
Event: 33834.658 Thread 0x000000011f425000 Uncommon trap: reason=unstable_if action=reinterpret pc=0x00000001073c05b0 method=org.eclipse.jdt.internal.compiler.lookup.Scope.getBaseType([C)Lorg/eclipse/jdt/internal/compiler/lookup/TypeBinding; @ 252

Internal exceptions (10 events):
Event: 33758.038 Thread 0x000000011f423000 Exception <a 'java/lang/InterruptedException'> (0x00000007b67c7660) thrown at [/Users/java_re/workspace/8-2-build-macosx-x86_64/jdk8u45/3457/hotspot/src/share/vm/runtime/objectMonitor.cpp, line 1683]
Event: 33767.512 Thread 0x0000000100808800 Exception <a 'java/lang/ArrayIndexOutOfBoundsException'> (0x00000007b6251c88) thrown at [/Users/java_re/workspace/8-2-build-macosx-x86_64/jdk8u45/3457/hotspot/src/share/vm/runtime/sharedRuntime.cpp, line 605]
Event: 33767.514 Thread 0x0000000100808800 Exception <a 'java/lang/ArrayIndexOutOfBoundsException'> (0x00000007b629d958) thrown at [/Users/java_re/workspace/8-2-build-macosx-x86_64/jdk8u45/3457/hotspot/src/share/vm/runtime/sharedRuntime.cpp, line 605]
Event: 33775.976 Thread 0x0000000100808800 Exception <a 'java/lang/ArrayIndexOutOfBoundsException'> (0x00000007b61f7470) thrown at [/Users/java_re/workspace/8-2-build-macosx-x86_64/jdk8u45/3457/hotspot/src/share/vm/runtime/sharedRuntime.cpp, line 605]
Event: 33775.978 Thread 0x0000000100808800 Exception <a 'java/lang/ArrayIndexOutOfBoundsException'> (0x00000007b6243100) thrown at [/Users/java_re/workspace/8-2-build-macosx-x86_64/jdk8u45/3457/hotspot/src/share/vm/runtime/sharedRuntime.cpp, line 605]
Event: 33780.724 Thread 0x000000012012c000 Exception <a 'java/lang/InterruptedException'> (0x00000007b593e818) thrown at [/Users/java_re/workspace/8-2-build-macosx-x86_64/jdk8u45/3457/hotspot/src/share/vm/runtime/objectMonitor.cpp, line 1683]
Event: 33798.702 Thread 0x0000000100808800 Exception <a 'java/lang/ArrayIndexOutOfBoundsException'> (0x00000007b6210b70) thrown at [/Users/java_re/workspace/8-2-build-macosx-x86_64/jdk8u45/3457/hotspot/src/share/vm/runtime/sharedRuntime.cpp, line 605]
Event: 33798.772 Thread 0x0000000100808800 Exception <a 'java/lang/ArrayIndexOutOfBoundsException'> (0x00000007b6283b20) thrown at [/Users/java_re/workspace/8-2-build-macosx-x86_64/jdk8u45/3457/hotspot/src/share/vm/runtime/sharedRuntime.cpp, line 605]
Event: 33805.765 Thread 0x000000012e442000 Implicit null exception at 0x0000000109c69502 to 0x0000000109c6ba79
Event: 33836.609 Thread 0x000000012ef46000 Exception <a 'java/lang/InterruptedException'> (0x00000007b5e539b8) thrown at [/Users/java_re/workspace/8-2-build-macosx-x86_64/jdk8u45/3457/hotspot/src/share/vm/runtime/objectMonitor.cpp, line 1683]

Events (10 events):
Event: 33852.401 Thread 0x0000000100808800 DEOPT UNPACKING pc=0x00000001063e8633 sp=0x00007fff5fbfd560 mode 0
Event: 33859.808 Executing VM operation: ParallelGCFailedAllocation
Event: 33859.813 Executing VM operation: ParallelGCFailedAllocation done
Event: 33861.602 Thread 0x000000011f5d0800 Thread added: 0x000000011f5d0800
Event: 33861.602 Executing VM operation: RevokeBias
Event: 33861.602 Executing VM operation: RevokeBias done
Event: 33861.604 Executing VM operation: RevokeBias
Event: 33861.604 Executing VM operation: RevokeBias done
Event: 33861.604 Thread 0x000000011f5d0800 Thread exited: 0x000000011f5d0800
Event: 33862.739 Thread 0x0000000102003800 flushing nmethod 0x0000000106668850


Dynamic libraries:
0x0000000001576000 	/System/Library/Frameworks/Cocoa.framework/Versions/A/Cocoa
0x0000000001576000 	/usr/lib/libSystem.B.dylib
0x0000000001576000 	/System/Library/Frameworks/CoreServices.framework/Versions/A/CoreServices
0x0000000001576000 	/usr/lib/libobjc.A.dylib
0x0000000001576000 	/System/Library/Frameworks/CoreFoundation.framework/Versions/A/CoreFoundation
0x0000000001576000 	/System/Library/Frameworks/AppKit.framework/Versions/C/AppKit
0x0000000001576000 	/System/Library/Frameworks/ApplicationServices.framework/Versions/A/ApplicationServices
0x0000000001576000 	/System/Library/Frameworks/Foundation.framework/Versions/C/Foundation
0x0000000001576000 	/System/Library/Frameworks/CoreData.framework/Versions/A/CoreData
0x0000000001576000 	/System/Library/PrivateFrameworks/RemoteViewServices.framework/Versions/A/RemoteViewServices
0x0000000001576000 	/System/Library/PrivateFrameworks/UIFoundation.framework/Versions/A/UIFoundation
0x0000000001576000 	/System/Library/Frameworks/IOSurface.framework/Versions/A/IOSurface
0x0000000001576000 	/System/Library/Frameworks/AudioToolbox.framework/Versions/A/AudioToolbox
0x0000000001576000 	/System/Library/Frameworks/AudioUnit.framework/Versions/A/AudioUnit
0x0000000001576000 	/System/Library/PrivateFrameworks/DataDetectorsCore.framework/Versions/A/DataDetectorsCore
0x0000000001576000 	/System/Library/PrivateFrameworks/DesktopServicesPriv.framework/Versions/A/DesktopServicesPriv
0x0000000001576000 	/System/Library/Frameworks/Carbon.framework/Versions/A/Frameworks/HIToolbox.framework/Versions/A/HIToolbox
0x0000000001576000 	/System/Library/Frameworks/QuartzCore.framework/Versions/A/QuartzCore
0x0000000001576000 	/System/Library/Frameworks/Security.framework/Versions/A/Security
0x0000000001576000 	/System/Library/Frameworks/Carbon.framework/Versions/A/Frameworks/SpeechRecognition.framework/Versions/A/SpeechRecognition
0x0000000001576000 	/usr/lib/libauto.dylib
0x0000000001576000 	/usr/lib/libicucore.A.dylib
0x0000000001576000 	/usr/lib/libxml2.2.dylib
0x0000000001576000 	/usr/lib/libz.1.dylib
0x0000000001576000 	/System/Library/PrivateFrameworks/CoreUI.framework/Versions/A/CoreUI
0x0000000001576000 	/System/Library/Frameworks/CoreAudio.framework/Versions/A/CoreAudio
0x0000000001576000 	/System/Library/Frameworks/DiskArbitration.framework/Versions/A/DiskArbitration
0x0000000001576000 	/usr/lib/liblangid.dylib
0x0000000001576000 	/System/Library/PrivateFrameworks/MultitouchSupport.framework/Versions/A/MultitouchSupport
0x0000000001576000 	/System/Library/Frameworks/IOKit.framework/Versions/A/IOKit
0x0000000001576000 	/usr/lib/libDiagnosticMessagesClient.dylib
0x0000000001576000 	/System/Library/PrivateFrameworks/PerformanceAnalysis.framework/Versions/A/PerformanceAnalysis
0x0000000001576000 	/System/Library/PrivateFrameworks/GenerationalStorage.framework/Versions/A/GenerationalStorage
0x0000000001576000 	/System/Library/Frameworks/OpenGL.framework/Versions/A/OpenGL
0x0000000001576000 	/System/Library/PrivateFrameworks/Sharing.framework/Versions/A/Sharing
0x0000000001576000 	/System/Library/Frameworks/CoreGraphics.framework/Versions/A/CoreGraphics
0x0000000001576000 	/System/Library/Frameworks/CoreText.framework/Versions/A/CoreText
0x0000000001576000 	/System/Library/Frameworks/ImageIO.framework/Versions/A/ImageIO
0x0000000001576000 	/usr/lib/libextension.dylib
0x0000000001576000 	/System/Library/PrivateFrameworks/Backup.framework/Versions/A/Backup
0x0000000001576000 	/usr/lib/libarchive.2.dylib
0x0000000001576000 	/System/Library/Frameworks/CFNetwork.framework/Versions/A/CFNetwork
0x0000000001576000 	/System/Library/Frameworks/SystemConfiguration.framework/Versions/A/SystemConfiguration
0x0000000001576000 	/usr/lib/libCRFSuite.dylib
0x0000000001576000 	/usr/lib/libc++.1.dylib
0x0000000001576000 	/usr/lib/libc++abi.dylib
0x0000000001576000 	/usr/lib/system/libcache.dylib
0x0000000001576000 	/usr/lib/system/libcommonCrypto.dylib
0x0000000001576000 	/usr/lib/system/libcompiler_rt.dylib
0x0000000001576000 	/usr/lib/system/libcopyfile.dylib
0x0000000001576000 	/usr/lib/system/libcorecrypto.dylib
0x0000000001576000 	/usr/lib/system/libdispatch.dylib
0x0000000001576000 	/usr/lib/system/libdyld.dylib
0x0000000001576000 	/usr/lib/system/libkeymgr.dylib
0x0000000001576000 	/usr/lib/system/liblaunch.dylib
0x0000000001576000 	/usr/lib/system/libmacho.dylib
0x0000000001576000 	/usr/lib/system/libquarantine.dylib
0x0000000001576000 	/usr/lib/system/libremovefile.dylib
0x0000000001576000 	/usr/lib/system/libsystem_asl.dylib
0x0000000001576000 	/usr/lib/system/libsystem_blocks.dylib
0x0000000001576000 	/usr/lib/system/libsystem_c.dylib
0x0000000001576000 	/usr/lib/system/libsystem_configuration.dylib
0x0000000001576000 	/usr/lib/system/libsystem_coreservices.dylib
0x0000000001576000 	/usr/lib/system/libsystem_coretls.dylib
0x0000000001576000 	/usr/lib/system/libsystem_dnssd.dylib
0x0000000001576000 	/usr/lib/system/libsystem_info.dylib
0x0000000001576000 	/usr/lib/system/libsystem_kernel.dylib
0x0000000001576000 	/usr/lib/system/libsystem_m.dylib
0x0000000001576000 	/usr/lib/system/libsystem_malloc.dylib
0x0000000001576000 	/usr/lib/system/libsystem_network.dylib
0x0000000001576000 	/usr/lib/system/libsystem_networkextension.dylib
0x0000000001576000 	/usr/lib/system/libsystem_notify.dylib
0x0000000001576000 	/usr/lib/system/libsystem_platform.dylib
0x0000000001576000 	/usr/lib/system/libsystem_pthread.dylib
0x0000000001576000 	/usr/lib/system/libsystem_sandbox.dylib
0x0000000001576000 	/usr/lib/system/libsystem_secinit.dylib
0x0000000001576000 	/usr/lib/system/libsystem_stats.dylib
0x0000000001576000 	/usr/lib/system/libsystem_trace.dylib
0x0000000001576000 	/usr/lib/system/libunc.dylib
0x0000000001576000 	/usr/lib/system/libunwind.dylib
0x0000000001576000 	/usr/lib/system/libxpc.dylib
0x0000000001576000 	/usr/lib/libbz2.1.0.dylib
0x0000000001576000 	/usr/lib/liblzma.5.dylib
0x0000000001576000 	/usr/lib/libbsm.0.dylib
0x0000000001576000 	/usr/lib/libsqlite3.dylib
0x0000000001576000 	/usr/lib/system/libkxld.dylib
0x0000000001576000 	/usr/lib/libxar.1.dylib
0x0000000001576000 	/usr/lib/libpam.2.dylib
0x0000000001576000 	/usr/lib/libOpenScriptingUtil.dylib
0x0000000001576000 	/System/Library/Frameworks/CoreServices.framework/Versions/A/Frameworks/FSEvents.framework/Versions/A/FSEvents
0x0000000001576000 	/System/Library/Frameworks/CoreServices.framework/Versions/A/Frameworks/CarbonCore.framework/Versions/A/CarbonCore
0x0000000001576000 	/System/Library/Frameworks/CoreServices.framework/Versions/A/Frameworks/Metadata.framework/Versions/A/Metadata
0x0000000001576000 	/System/Library/Frameworks/CoreServices.framework/Versions/A/Frameworks/OSServices.framework/Versions/A/OSServices
0x0000000001576000 	/System/Library/Frameworks/CoreServices.framework/Versions/A/Frameworks/SearchKit.framework/Versions/A/SearchKit
0x0000000001576000 	/System/Library/Frameworks/CoreServices.framework/Versions/A/Frameworks/AE.framework/Versions/A/AE
0x0000000001576000 	/System/Library/Frameworks/CoreServices.framework/Versions/A/Frameworks/LaunchServices.framework/Versions/A/LaunchServices
0x0000000001576000 	/System/Library/Frameworks/CoreServices.framework/Versions/A/Frameworks/DictionaryServices.framework/Versions/A/DictionaryServices
0x0000000001576000 	/System/Library/Frameworks/NetFS.framework/Versions/A/NetFS
0x0000000001576000 	/System/Library/PrivateFrameworks/NetAuth.framework/Versions/A/NetAuth
0x0000000001576000 	/System/Library/PrivateFrameworks/login.framework/Versions/A/Frameworks/loginsupport.framework/Versions/A/loginsupport
0x0000000001576000 	/System/Library/PrivateFrameworks/TCC.framework/Versions/A/TCC
0x0000000001576000 	/usr/lib/libmecabra.dylib
0x0000000001576000 	/System/Library/Frameworks/ApplicationServices.framework/Versions/A/Frameworks/ATS.framework/Versions/A/ATS
0x0000000001576000 	/System/Library/Frameworks/ApplicationServices.framework/Versions/A/Frameworks/ColorSync.framework/Versions/A/ColorSync
0x0000000001576000 	/System/Library/Frameworks/ApplicationServices.framework/Versions/A/Frameworks/HIServices.framework/Versions/A/HIServices
0x0000000001576000 	/System/Library/Frameworks/ApplicationServices.framework/Versions/A/Frameworks/LangAnalysis.framework/Versions/A/LangAnalysis
0x0000000001576000 	/System/Library/Frameworks/ApplicationServices.framework/Versions/A/Frameworks/PrintCore.framework/Versions/A/PrintCore
0x0000000001576000 	/System/Library/Frameworks/ApplicationServices.framework/Versions/A/Frameworks/QD.framework/Versions/A/QD
0x0000000001576000 	/System/Library/Frameworks/ApplicationServices.framework/Versions/A/Frameworks/SpeechSynthesis.framework/Versions/A/SpeechSynthesis
0x0000000001576000 	/System/Library/Frameworks/Accelerate.framework/Versions/A/Accelerate
0x0000000001576000 	/System/Library/Frameworks/Accelerate.framework/Versions/A/Frameworks/vImage.framework/Versions/A/vImage
0x0000000001576000 	/System/Library/Frameworks/Accelerate.framework/Versions/A/Frameworks/vecLib.framework/Versions/A/vecLib
0x0000000001576000 	/System/Library/Frameworks/Accelerate.framework/Versions/A/Frameworks/vecLib.framework/Versions/A/libvDSP.dylib
0x0000000001576000 	/System/Library/Frameworks/Accelerate.framework/Versions/A/Frameworks/vecLib.framework/Versions/A/libvMisc.dylib
0x0000000001576000 	/System/Library/Frameworks/Accelerate.framework/Versions/A/Frameworks/vecLib.framework/Versions/A/libLAPACK.dylib
0x0000000001576000 	/System/Library/Frameworks/Accelerate.framework/Versions/A/Frameworks/vecLib.framework/Versions/A/libBLAS.dylib
0x0000000001576000 	/System/Library/Frameworks/Accelerate.framework/Versions/A/Frameworks/vecLib.framework/Versions/A/libLinearAlgebra.dylib
0x0000000001576000 	/System/Library/Frameworks/ApplicationServices.framework/Versions/A/Frameworks/ATS.framework/Versions/A/Resources/libFontParser.dylib
0x0000000001576000 	/System/Library/Frameworks/ApplicationServices.framework/Versions/A/Frameworks/ATS.framework/Versions/A/Resources/libFontRegistry.dylib
0x0000000001576000 	/System/Library/PrivateFrameworks/AppleVPA.framework/Versions/A/AppleVPA
0x0000000001576000 	/System/Library/PrivateFrameworks/AppleJPEG.framework/Versions/A/AppleJPEG
0x0000000001576000 	/System/Library/Frameworks/ImageIO.framework/Versions/A/Resources/libJPEG.dylib
0x0000000001576000 	/System/Library/Frameworks/ImageIO.framework/Versions/A/Resources/libTIFF.dylib
0x0000000001576000 	/System/Library/Frameworks/ImageIO.framework/Versions/A/Resources/libPng.dylib
0x0000000001576000 	/System/Library/Frameworks/ImageIO.framework/Versions/A/Resources/libGIF.dylib
0x0000000001576000 	/System/Library/Frameworks/ImageIO.framework/Versions/A/Resources/libJP2.dylib
0x0000000001576000 	/System/Library/Frameworks/ImageIO.framework/Versions/A/Resources/libRadiance.dylib
0x0000000001576000 	/System/Library/Frameworks/CoreVideo.framework/Versions/A/CoreVideo
0x0000000001576000 	/System/Library/Frameworks/OpenGL.framework/Versions/A/Libraries/libGLU.dylib
0x0000000001576000 	/System/Library/Frameworks/OpenGL.framework/Versions/A/Libraries/libGFXShared.dylib
0x0000000001576000 	/System/Library/Frameworks/OpenGL.framework/Versions/A/Libraries/libGL.dylib
0x0000000001576000 	/System/Library/Frameworks/OpenGL.framework/Versions/A/Libraries/libGLImage.dylib
0x0000000001576000 	/System/Library/Frameworks/OpenGL.framework/Versions/A/Libraries/libCVMSPluginSupport.dylib
0x0000000001576000 	/System/Library/Frameworks/OpenGL.framework/Versions/A/Libraries/libCoreVMClient.dylib
0x0000000001576000 	/usr/lib/libcups.2.dylib
0x0000000001576000 	/System/Library/Frameworks/Kerberos.framework/Versions/A/Kerberos
0x0000000001576000 	/System/Library/Frameworks/GSS.framework/Versions/A/GSS
0x0000000001576000 	/usr/lib/libresolv.9.dylib
0x0000000001576000 	/usr/lib/libiconv.2.dylib
0x0000000001576000 	/System/Library/PrivateFrameworks/Heimdal.framework/Versions/A/Heimdal
0x0000000001576000 	/usr/lib/libheimdal-asn1.dylib
0x0000000001576000 	/System/Library/Frameworks/OpenDirectory.framework/Versions/A/OpenDirectory
0x0000000001576000 	/System/Library/PrivateFrameworks/CommonAuth.framework/Versions/A/CommonAuth
0x0000000001576000 	/System/Library/Frameworks/OpenDirectory.framework/Versions/A/Frameworks/CFOpenDirectory.framework/Versions/A/CFOpenDirectory
0x0000000001576000 	/System/Library/Frameworks/SecurityFoundation.framework/Versions/A/SecurityFoundation
0x0000000001576000 	/System/Library/PrivateFrameworks/LanguageModeling.framework/Versions/A/LanguageModeling
0x0000000001576000 	/usr/lib/libcmph.dylib
0x0000000001576000 	/System/Library/Frameworks/ServiceManagement.framework/Versions/A/ServiceManagement
0x0000000001576000 	/usr/lib/libxslt.1.dylib
0x0000000001576000 	/System/Library/Frameworks/Carbon.framework/Versions/A/Frameworks/Ink.framework/Versions/A/Ink
0x0000000001576000 	/System/Library/Frameworks/QuartzCore.framework/Versions/A/Frameworks/CoreImage.framework/Versions/A/CoreImage
0x0000000001576000 	/System/Library/PrivateFrameworks/CrashReporterSupport.framework/Versions/A/CrashReporterSupport
0x0000000001576000 	/System/Library/Frameworks/OpenCL.framework/Versions/A/OpenCL
0x0000000001576000 	/System/Library/PrivateFrameworks/FaceCore.framework/Versions/A/FaceCore
0x0000000001576000 	/System/Library/PrivateFrameworks/Ubiquity.framework/Versions/A/Ubiquity
0x0000000001576000 	/System/Library/PrivateFrameworks/IconServices.framework/Versions/A/IconServices
0x0000000001576000 	/System/Library/PrivateFrameworks/ChunkingLibrary.framework/Versions/A/ChunkingLibrary
0x0000000001576000 	/System/Library/PrivateFrameworks/Apple80211.framework/Versions/A/Apple80211
0x0000000001576000 	/System/Library/Frameworks/CoreWLAN.framework/Versions/A/CoreWLAN
0x0000000001576000 	/System/Library/Frameworks/IOBluetooth.framework/Versions/A/IOBluetooth
0x0000000001576000 	/System/Library/PrivateFrameworks/CoreWiFi.framework/Versions/A/CoreWiFi
0x0000000001576000 	/System/Library/Frameworks/CoreBluetooth.framework/Versions/A/CoreBluetooth
0x0000000001576000 	/System/Library/PrivateFrameworks/DebugSymbols.framework/Versions/A/DebugSymbols
0x0000000001576000 	/System/Library/PrivateFrameworks/CoreSymbolication.framework/Versions/A/CoreSymbolication
0x0000000001576000 	/System/Library/PrivateFrameworks/Symbolication.framework/Versions/A/Symbolication
0x0000000001576000 	/System/Library/PrivateFrameworks/SpeechRecognitionCore.framework/Versions/A/SpeechRecognitionCore
0x00000001000dd000 	/Users/Kush/Desktop/hii/eclipse/plugins/org.eclipse.equinox.launcher.cocoa.macosx.x86_64_1.1.200.v20150204-1316/eclipse_1607.so
0x0000000001576000 	/System/Library/PrivateFrameworks/CoreServicesInternal.framework/Versions/A/CoreServicesInternal
0x0000000001576000 	/System/Library/PrivateFrameworks/CloudDocs.framework/Versions/A/CloudDocs
0x0000000001576000 	/System/Library/PrivateFrameworks/CoreDuet.framework/Versions/A/CoreDuet
0x0000000001576000 	/System/Library/Frameworks/CloudKit.framework/Versions/A/CloudKit
0x0000000001576000 	/System/Library/PrivateFrameworks/ProtocolBuffer.framework/Versions/A/ProtocolBuffer
0x0000000001576000 	/System/Library/PrivateFrameworks/CoreDuetDaemonProtocol.framework/Versions/A/CoreDuetDaemonProtocol
0x0000000001576000 	/System/Library/PrivateFrameworks/CoreDuetDebugLogging.framework/Versions/A/CoreDuetDebugLogging
0x0000000001576000 	/System/Library/PrivateFrameworks/MMCS.framework/Versions/A/MMCS
0x0000000001576000 	/System/Library/Frameworks/CoreLocation.framework/Versions/A/CoreLocation
0x0000000001576000 	/System/Library/PrivateFrameworks/ProtectedCloudStorage.framework/Versions/A/ProtectedCloudStorage
0x0000000001576000 	/System/Library/PrivateFrameworks/GeoServices.framework/Versions/A/GeoServices
0x0000000001576000 	/System/Library/Frameworks/CoreGraphics.framework/Versions/A/Resources/libCGCMS.A.dylib
0x000000010421d000 	/Library/Java/JavaVirtualMachines/jdk1.8.0_45.jdk/Contents/MacOS/libjli.dylib
0x0000000105427000 	/Library/Java/JavaVirtualMachines/jdk1.8.0_45.jdk/Contents/Home/jre//lib/server/libjvm.dylib
0x0000000001576000 	/usr/lib/libstdc++.6.dylib
0x000000010422d000 	/Library/Java/JavaVirtualMachines/jdk1.8.0_45.jdk/Contents/Home/jre/lib/libverify.dylib
0x000000010423b000 	/Library/Java/JavaVirtualMachines/jdk1.8.0_45.jdk/Contents/Home/jre/lib/libjava.dylib
0x0000000106398000 	/Library/Java/JavaVirtualMachines/jdk1.8.0_45.jdk/Contents/Home/jre/lib/libzip.dylib
0x0000000118bfa000 	/System/Library/Frameworks/JavaVM.framework/Frameworks/JavaRuntimeSupport.framework/JavaRuntimeSupport
0x0000000118c12000 	/System/Library/Frameworks/JavaVM.framework/Versions/A/Frameworks/JavaNativeFoundation.framework/Versions/A/JavaNativeFoundation
0x0000000118c27000 	/System/Library/Frameworks/JavaVM.framework/Versions/A/JavaVM
0x0000000001576000 	/System/Library/Frameworks/Carbon.framework/Versions/A/Carbon
0x0000000118c34000 	/System/Library/PrivateFrameworks/JavaLaunching.framework/Versions/A/JavaLaunching
0x0000000001576000 	/System/Library/Frameworks/Carbon.framework/Versions/A/Frameworks/CommonPanels.framework/Versions/A/CommonPanels
0x0000000001576000 	/System/Library/Frameworks/Carbon.framework/Versions/A/Frameworks/Help.framework/Versions/A/Help
0x0000000001576000 	/System/Library/Frameworks/Carbon.framework/Versions/A/Frameworks/ImageCapture.framework/Versions/A/ImageCapture
0x0000000001576000 	/System/Library/Frameworks/Carbon.framework/Versions/A/Frameworks/OpenScripting.framework/Versions/A/OpenScripting
0x0000000001576000 	/System/Library/Frameworks/Carbon.framework/Versions/A/Frameworks/Print.framework/Versions/A/Print
0x0000000001576000 	/System/Library/Frameworks/Carbon.framework/Versions/A/Frameworks/SecurityHI.framework/Versions/A/SecurityHI
0x0000000001576000 	/System/Library/CoreServices/RawCamera.bundle/Contents/MacOS/RawCamera
0x0000000001576000 	/System/Library/Frameworks/CoreGraphics.framework/Versions/A/Resources/libRIP.A.dylib
0x0000000001576000 	/System/Library/Frameworks/CoreGraphics.framework/Versions/A/Resources/libCGXType.A.dylib
0x0000000001576000 	/System/Library/Frameworks/OpenCL.framework/Versions/A/Libraries/libcldcpuengine.dylib
0x0000000001576000 	/System/Library/PrivateFrameworks/DiskImages.framework/Versions/A/DiskImages
0x0000000001576000 	/System/Library/Frameworks/DiscRecording.framework/Versions/A/DiscRecording
0x0000000001576000 	/usr/lib/libcsfde.dylib
0x0000000001576000 	/usr/lib/libcurl.4.dylib
0x0000000001576000 	/System/Library/PrivateFrameworks/MediaKit.framework/Versions/A/MediaKit
0x0000000001576000 	/usr/lib/libCoreStorage.dylib
0x0000000001576000 	/System/Library/PrivateFrameworks/EFILogin.framework/Versions/A/EFILogin
0x0000000001576000 	/usr/lib/libutil.dylib
0x0000000001576000 	/System/Library/PrivateFrameworks/FindMyDevice.framework/Versions/A/FindMyDevice
0x0000000001576000 	/System/Library/Frameworks/LDAP.framework/Versions/A/LDAP
0x0000000001576000 	/usr/lib/libsasl2.2.dylib
0x0000000001576000 	/System/Library/PrivateFrameworks/CoreDaemon.framework/Versions/B/CoreDaemon
0x0000000001576000 	/usr/lib/libcrypto.0.9.8.dylib
0x0000000001576000 	/System/Library/PrivateFrameworks/AppleSRP.framework/Versions/A/AppleSRP
0x0000000001576000 	/System/Library/PrivateFrameworks/TrustEvaluationAgent.framework/Versions/A/TrustEvaluationAgent
0x000000011a7f8000 	cl_kernels
0x000000011a7fa000 	/System/Library/Frameworks/OpenCL.framework/Versions/A/Libraries/ImageFormats/unorm8_bgra.dylib
0x000000011a7e9000 	cl_kernels
0x0000000001576000 	/System/Library/PrivateFrameworks/FamilyControls.framework/Versions/A/FamilyControls
0x0000000001576000 	/System/Library/PrivateFrameworks/CommerceKit.framework/Versions/A/Frameworks/CommerceCore.framework/Versions/A/CommerceCore
0x0000000001576000 	/System/Library/PrivateFrameworks/SystemAdministration.framework/Versions/A/SystemAdministration
0x0000000001576000 	/System/Library/PrivateFrameworks/AppContainer.framework/Versions/A/AppContainer
0x0000000001576000 	/System/Library/PrivateFrameworks/SecCodeWrapper.framework/Versions/A/SecCodeWrapper
0x0000000001576000 	/System/Library/Frameworks/DirectoryService.framework/Versions/A/DirectoryService
0x0000000001576000 	/System/Library/PrivateFrameworks/LoginUIKit.framework/Versions/A/Frameworks/LoginUICore.framework/Versions/A/LoginUICore
0x0000000001576000 	/usr/lib/libodfde.dylib
0x000000011bdbc000 	/Library/Java/JavaVirtualMachines/jdk1.8.0_45.jdk/Contents/Home/jre/lib/libnet.dylib
0x000000011bdd3000 	/Library/Java/JavaVirtualMachines/jdk1.8.0_45.jdk/Contents/Home/jre/lib/libnio.dylib
0x000000011c7b2000 	/Users/Kush/Desktop/hii/eclipse/configuration/org.eclipse.osgi/338/0/.cp/libswt-cocoa-4430.jnilib
0x0000000001576000 	/System/Library/Frameworks/WebKit.framework/Versions/A/WebKit
0x0000000001576000 	/System/Library/Frameworks/JavaScriptCore.framework/Versions/A/JavaScriptCore
0x0000000001576000 	/System/Library/Frameworks/SecurityInterface.framework/Versions/A/SecurityInterface
0x0000000001576000 	/System/Library/Frameworks/WebKit.framework/Versions/A/Frameworks/WebKitLegacy.framework/Versions/A/WebKitLegacy
0x0000000001576000 	/System/Library/Frameworks/WebKit.framework/Versions/A/Frameworks/WebCore.framework/Versions/A/WebCore
0x000000011d21f000 	/Users/Kush/Desktop/hii/eclipse/configuration/org.eclipse.osgi/338/0/.cp/libswt-pi-cocoa-4430.jnilib
0x0000000001576000 	/System/Library/Frameworks/Accelerate.framework/Versions/A/Frameworks/vImage.framework/Versions/A/Libraries/libCGInterfaces.dylib
0x00000001006e2000 	/Users/Kush/Desktop/hii/eclipse/configuration/org.eclipse.osgi/72/0/.cp/os/macosx/libunixfile_1_0_0.jnilib
0x000000011bcea000 	/Library/Java/JavaVirtualMachines/jdk1.8.0_45.jdk/Contents/Home/jre/lib/libsunec.dylib
0x0000000001576000 	/System/Library/Frameworks/OpenGL.framework/Versions/A/Resources/GLEngine.bundle/GLEngine
0x0000000001576000 	/System/Library/Frameworks/OpenGL.framework/Versions/A/Libraries/libGLProgrammability.dylib
0x0000000125800000 	/System/Library/Extensions/AppleIntelHD3000GraphicsGLDriver.bundle/Contents/MacOS/AppleIntelHD3000GraphicsGLDriver
0x000000010052d000 	/System/Library/PrivateFrameworks/GPUSupport.framework/Versions/A/Libraries/libGPUSupport.dylib
0x0000000001576000 	/System/Library/Frameworks/OpenGL.framework/Versions/A/Resources/GLRendererFloat.bundle/GLRendererFloat
0x0000000001576000 	/System/Library/Frameworks/CoreGraphics.framework/Versions/A/Resources/libCGXCoreImage.A.dylib
0x00000001005d6000 	cl_kernels
0x0000000122439000 	/System/Library/Frameworks/OpenCL.framework/Versions/A/Libraries/ImageFormats/unorm8_argb.dylib
0x00000001005ee000 	cl_kernels
0x00000001006f6000 	cl_kernels
0x000000011aa72000 	cl_kernels
0x0000000001576000 	/System/Library/PrivateFrameworks/Shortcut.framework/Versions/A/Shortcut
0x0000000001576000 	/System/Library/PrivateFrameworks/HelpData.framework/Versions/A/HelpData
0x0000000001576000 	/usr/lib/libtidy.A.dylib
0x0000000001576000 	/System/Library/PrivateFrameworks/DataDetectors.framework/Versions/A/DataDetectors
0x0000000001576000 	/System/Library/PrivateFrameworks/IDS.framework/Versions/A/IDS
0x0000000001576000 	/System/Library/Frameworks/AddressBook.framework/Versions/A/AddressBook
0x0000000001576000 	/System/Library/Frameworks/Quartz.framework/Versions/A/Quartz
0x0000000001576000 	/System/Library/PrivateFrameworks/IMFoundation.framework/Versions/A/IMFoundation
0x0000000001576000 	/System/Library/PrivateFrameworks/Marco.framework/Versions/A/Marco
0x0000000001576000 	/System/Library/PrivateFrameworks/IDSFoundation.framework/Versions/A/IDSFoundation
0x0000000001576000 	/System/Library/PrivateFrameworks/FTServices.framework/Versions/A/FTServices
0x0000000001576000 	/System/Library/PrivateFrameworks/CommonUtilities.framework/Versions/A/CommonUtilities
0x0000000001576000 	/System/Library/PrivateFrameworks/Bom.framework/Versions/A/Bom
0x0000000001576000 	/System/Library/PrivateFrameworks/AppleFSCompression.framework/Versions/A/AppleFSCompression
0x0000000001576000 	/System/Library/PrivateFrameworks/DiagnosticLogCollection.framework/Versions/A/DiagnosticLogCollection
0x0000000001576000 	/System/Library/PrivateFrameworks/IntlPreferences.framework/Versions/A/IntlPreferences
0x0000000001576000 	/System/Library/PrivateFrameworks/ToneLibrary.framework/Versions/A/ToneLibrary
0x0000000001576000 	/System/Library/PrivateFrameworks/ToneKit.framework/Versions/A/ToneKit
0x0000000001576000 	/System/Library/PrivateFrameworks/vCard.framework/Versions/A/vCard
0x0000000001576000 	/System/Library/Frameworks/Quartz.framework/Versions/A/Frameworks/QuickLookUI.framework/Versions/A/QuickLookUI
0x0000000001576000 	/System/Library/PrivateFrameworks/ApplePushService.framework/Versions/A/ApplePushService
0x0000000001576000 	/System/Library/PrivateFrameworks/ContactsData.framework/Versions/A/ContactsData
0x0000000001576000 	/System/Library/PrivateFrameworks/ContactsFoundation.framework/Versions/A/ContactsFoundation
0x0000000001576000 	/System/Library/PrivateFrameworks/PhoneNumbers.framework/Versions/A/PhoneNumbers
0x0000000001576000 	/System/Library/Frameworks/AVFoundation.framework/Versions/A/AVFoundation
0x0000000001576000 	/System/Library/Frameworks/AVFoundation.framework/Versions/A/Resources/libAVFAudio.dylib
0x0000000001576000 	/System/Library/Frameworks/CoreMedia.framework/Versions/A/CoreMedia
0x0000000001576000 	/System/Library/Frameworks/MediaToolbox.framework/Versions/A/MediaToolbox
0x0000000001576000 	/System/Library/Frameworks/VideoToolbox.framework/Versions/A/VideoToolbox
0x0000000001576000 	/System/Library/Frameworks/CoreMediaIO.framework/Versions/A/CoreMediaIO
0x0000000001576000 	/System/Library/PrivateFrameworks/MediaControlSender.framework/Versions/A/MediaControlSender
0x0000000001576000 	/System/Library/PrivateFrameworks/CoreAVCHD.framework/Versions/A/CoreAVCHD
0x0000000001576000 	/System/Library/Frameworks/MediaAccessibility.framework/Versions/A/MediaAccessibility
0x0000000001576000 	/System/Library/PrivateFrameworks/Mangrove.framework/Versions/A/Mangrove
0x0000000001576000 	/System/Library/PrivateFrameworks/CoreAUC.framework/Versions/A/CoreAUC
0x0000000001576000 	/System/Library/PrivateFrameworks/NetworkStatistics.framework/Versions/A/NetworkStatistics
0x0000000001576000 	/System/Library/PrivateFrameworks/AirPlaySupport.framework/Versions/A/AirPlaySupport
0x0000000001576000 	/System/Library/PrivateFrameworks/CoreUtils.framework/Versions/A/CoreUtils
0x0000000001576000 	/System/Library/PrivateFrameworks/AppleVA.framework/Versions/A/AppleVA
0x0000000001576000 	/System/Library/PrivateFrameworks/XPCService.framework/Versions/A/XPCService
0x0000000001576000 	/System/Library/PrivateFrameworks/AppSandbox.framework/Versions/A/AppSandbox
0x0000000001576000 	/usr/lib/libsandbox.1.dylib
0x0000000001576000 	/usr/lib/libMatch.1.dylib
0x0000000001576000 	/System/Library/PrivateFrameworks/SafariServices.framework/Versions/A/SafariServices
0x0000000001576000 	/usr/lib/libspindump.dylib
0x0000000001576000 	/System/Library/Frameworks/QTKit.framework/Versions/A/QTKit
0x0000000001576000 	/System/Library/Frameworks/QuickLook.framework/Versions/A/QuickLook
0x0000000001576000 	/System/Library/PrivateFrameworks/CoreMediaAuthoring.framework/Versions/A/CoreMediaAuthoring
0x0000000001576000 	/System/Library/Frameworks/Quartz.framework/Versions/A/Frameworks/QuartzComposer.framework/Versions/A/QuartzComposer
0x0000000001576000 	/System/Library/Frameworks/Quartz.framework/Versions/A/Frameworks/PDFKit.framework/Versions/A/PDFKit
0x0000000001576000 	/System/Library/Frameworks/Quartz.framework/Versions/A/Frameworks/QuartzFilters.framework/Versions/A/QuartzFilters
0x0000000001576000 	/System/Library/Frameworks/Quartz.framework/Versions/A/Frameworks/ImageKit.framework/Versions/A/ImageKit
0x0000000001576000 	/System/Library/PrivateFrameworks/AppleSystemInfo.framework/Versions/A/AppleSystemInfo
0x0000000001576000 	/System/Library/PrivateFrameworks/CorePDF.framework/Versions/A/CorePDF
0x0000000001576000 	/System/Library/PrivateFrameworks/DisplayServices.framework/Versions/A/DisplayServices
0x0000000001576000 	/System/Library/Frameworks/ImageCaptureCore.framework/Versions/A/ImageCaptureCore
0x000000011aaa5000 	cl_kernels
0x000000011aae8000 	cl_kernels
0x000000011ab0e000 	cl_kernels

VM Arguments:
jvm_args: -Dosgi.requiredJavaVersion=1.6 -XstartOnFirstThread -Dorg.eclipse.swt.internal.carbon.smallFonts -XX:MaxPermSize=256m -Xms40m -Xmx512m -Xdock:icon=../Resources/Eclipse.icns -XstartOnFirstThread -Dorg.eclipse.swt.internal.carbon.smallFonts 
java_command: <unknown>
java_class_path (initial): /Users/Kush/Desktop/hii/eclipse/Eclipse.app/Contents/MacOS//../../../plugins/org.eclipse.equinox.launcher_1.3.0.v20140415-2008.jar
Launcher Type: generic

Environment Variables:
PATH=/usr/bin:/bin:/usr/sbin:/sbin
SHELL=/bin/zsh

Signal Handlers:
SIGSEGV: [libjvm.dylib+0x58ef95], sa_mask[0]=11111111011111110111111111111111, sa_flags=SA_ONSTACK|SA_RESTART|SA_SIGINFO
SIGBUS: [libjvm.dylib+0x58ef95], sa_mask[0]=11111111011111110111111111111111, sa_flags=SA_RESTART|SA_SIGINFO
SIGFPE: [libjvm.dylib+0x46c108], sa_mask[0]=11111111011111110111111111111111, sa_flags=SA_RESTART|SA_SIGINFO
SIGPIPE: [libjvm.dylib+0x46c108], sa_mask[0]=11111111011111110111111111111111, sa_flags=SA_RESTART|SA_SIGINFO
SIGXFSZ: [libjvm.dylib+0x46c108], sa_mask[0]=11111111011111110111111111111111, sa_flags=SA_RESTART|SA_SIGINFO
SIGILL: [libjvm.dylib+0x46c108], sa_mask[0]=11111111011111110111111111111111, sa_flags=SA_RESTART|SA_SIGINFO
SIGUSR1: SIG_DFL, sa_mask[0]=00000000000000000000000000000000, sa_flags=none
SIGUSR2: [libjvm.dylib+0x46bc26], sa_mask[0]=00000000000000000000000000000000, sa_flags=SA_RESTART|SA_SIGINFO
SIGHUP: [libjvm.dylib+0x46a1f9], sa_mask[0]=11111111011111110111111111111111, sa_flags=SA_RESTART|SA_SIGINFO
SIGINT: [libjvm.dylib+0x46a1f9], sa_mask[0]=11111111011111110111111111111111, sa_flags=SA_RESTART|SA_SIGINFO
SIGTERM: [libjvm.dylib+0x46a1f9], sa_mask[0]=11111111011111110111111111111111, sa_flags=SA_RESTART|SA_SIGINFO
SIGQUIT: [libjvm.dylib+0x46a1f9], sa_mask[0]=11111111011111110111111111111111, sa_flags=SA_RESTART|SA_SIGINFO


---------------  S Y S T E M  ---------------

OS:Bsduname:Darwin 14.5.0 Darwin Kernel Version 14.5.0: Wed Jul 29 02:26:53 PDT 2015; root:xnu-2782.40.9~1/RELEASE_X86_64 x86_64
rlimit: STACK 8192k, CORE 0k, NPROC 709, NOFILE 10240, AS infinity
load average:2.26 2.65 2.55

CPU:total 4 (2 cores per cpu, 2 threads per core) family 6 model 42 stepping 7, cmov, cx8, fxsr, mmx, sse, sse2, sse3, ssse3, sse4.1, sse4.2, popcnt, avx, aes, clmul, ht, tsc, tscinvbit

Memory: 4k page, physical 8388608k(17676k free)

/proc/meminfo:


vm_info: Java HotSpot(TM) 64-Bit Server VM (25.45-b02) for bsd-amd64 JRE (1.8.0_45-b14), built on Apr 10 2015 10:46:38 by "java_re" with gcc 4.2.1 (Based on Apple Inc. build 5658) (LLVM build 2336.11.00)

time: Sun Sep 20 16:15:59 2015
elapsed time: 33862 seconds (0d 9h 24m 22s)

